p0_06.j2k has length: 33826
   read 33826 bytes / 33826 to go

 PARSE
 CODEC CREATED
 STREAM CREATED
 STREAM FUNCTIONS SET
 BUFFER CREATED
 BUFFER ATTACHED TO STREAM
 - read_from_buffer(33826)
 HEADER READ: OK
 - buffer_set_pos(33824)
 - read_from_buffer(33826)
 IMAGE DECODED: OK
        x0 = 0
        y0 = 0
        x1 = 513
        y1 = 129
  numcomps = 4
  colspace = unspecified
  ____COMP 1____
        dx = 1
        dy = 1
         w = 513
         h = 129
        x0 = 0
        y0 = 0
      prec = 12
       bpp = 0
      sgnd = 0
  resno_de = 6
    factor = 0
     alpha = 0
      data = 7fe572d1c000
  ____COMP 2____
        dx = 2
        dy = 1
         w = 257
         h = 129
        x0 = 0
        y0 = 0
      prec = 12
       bpp = 0
      sgnd = 0
  resno_de = 6
    factor = 0
     alpha = 0
      data = 7fe572d5d000
  ____COMP 3____
        dx = 1
        dy = 2
         w = 513
         h = 65
        x0 = 0
        y0 = 0
      prec = 12
       bpp = 0
      sgnd = 0
  resno_de = 6
    factor = 0
     alpha = 0
      data = 7fe572d7e000
  ____COMP 4____
        dx = 2
        dy = 2
         w = 257
         h = 65
        x0 = 0
        y0 = 0
      prec = 12
       bpp = 0
      sgnd = 0
  resno_de = 6
    factor = 0
     alpha = 0
      data = 7fe572d9f000
  ______________
  icc_prof_len = 0
  icc_prof_buf = 0
 DONE
Creating p0_06_1.csv
Creating p0_06_2.csv
Creating p0_06_3.csv
Creating p0_06_4.csv
