p0_04.j2k has length: 264635
   read 264635 bytes / 264635 to go

 PARSE
 CODEC CREATED
 STREAM CREATED
 STREAM FUNCTIONS SET
 BUFFER CREATED
 BUFFER ATTACHED TO STREAM
 - read_from_buffer(264635)
 HEADER READ: OK
 - buffer_set_pos(264633)
 - read_from_buffer(264635)
 IMAGE DECODED: OK
        x0 = 0
        y0 = 0
        x1 = 640
        y1 = 480
  numcomps = 3
  colspace = unspecified
  ____COMP 1____
        dx = 1
        dy = 1
         w = 640
         h = 480
        x0 = 0
        y0 = 0
      prec = 8
       bpp = 0
      sgnd = 0
  resno_de = 6
    factor = 0
     alpha = 0
      data = 7f85b4000000
  ____COMP 2____
        dx = 1
        dy = 1
         w = 640
         h = 480
        x0 = 0
        y0 = 0
      prec = 8
       bpp = 0
      sgnd = 0
  resno_de = 6
    factor = 0
     alpha = 0
      data = 7f85b412c000
  ____COMP 3____
        dx = 1
        dy = 1
         w = 640
         h = 480
        x0 = 0
        y0 = 0
      prec = 8
       bpp = 0
      sgnd = 0
  resno_de = 6
    factor = 0
     alpha = 0
      data = 7f85b4258000
  ______________
  icc_prof_len = 0
  icc_prof_buf = 0
 DONE
Creating p0_04_1.csv
Creating p0_04_2.csv
Creating p0_04_3.csv
