p0_08.j2k has length: 3820794
   read 3820794 bytes / 3820794 to go

 PARSE
 CODEC CREATED
 STREAM CREATED
 STREAM FUNCTIONS SET
 BUFFER CREATED
 BUFFER ATTACHED TO STREAM
 - read_from_buffer(3820794)
 HEADER READ: OK
 - buffer_set_pos(3820792)
 - read_from_buffer(3820794)
 IMAGE DECODED: OK
        x0 = 0
        y0 = 0
        x1 = 513
        y1 = 3072
  numcomps = 3
  colspace = unspecified
  ____COMP 1____
        dx = 1
        dy = 1
         w = 513
         h = 3072
        x0 = 0
        y0 = 0
      prec = 12
       bpp = 0
      sgnd = 1
  resno_de = 6
    factor = 0
     alpha = 0
      data = 7ffa763a5000
  ____COMP 2____
        dx = 1
        dy = 1
         w = 513
         h = 3072
        x0 = 0
        y0 = 0
      prec = 12
       bpp = 0
      sgnd = 1
  resno_de = 7
    factor = 0
     alpha = 0
      data = 7ffa769a8000
  ____COMP 3____
        dx = 1
        dy = 1
         w = 513
         h = 3072
        x0 = 0
        y0 = 0
      prec = 12
       bpp = 0
      sgnd = 1
  resno_de = 8
    factor = 0
     alpha = 0
      data = 7ffa76fab000
  ______________
  icc_prof_len = 0
  icc_prof_buf = 0
 DONE
Creating p0_08_1.csv
Creating p0_08_2.csv
Creating p0_08_3.csv
