p0_03.j2k has length: 12845
   read 12845 bytes / 12845 to go

 PARSE
 CODEC CREATED
 STREAM CREATED
 STREAM FUNCTIONS SET
 BUFFER CREATED
 BUFFER ATTACHED TO STREAM
 - read_from_buffer(12845)
 HEADER READ: OK
 - buffer_set_pos(4565)
 - read_from_buffer(12845)
 IMAGE DECODED: OK
        x0 = 0
        y0 = 0
        x1 = 256
        y1 = 256
  numcomps = 1
  colspace = unspecified
  ____COMP 1____
        dx = 1
        dy = 1
         w = 256
         h = 256
        x0 = 0
        y0 = 0
      prec = 4
       bpp = 0
      sgnd = 1
  resno_de = 1
    factor = 0
     alpha = 0
      data = 7fe1e6d11000
  ______________
  icc_prof_len = 0
  icc_prof_buf = 0
 DONE
Creating p0_03.csv
