p0_07.j2k has length: 7885684
   read 7885684 bytes / 7885684 to go

 PARSE
 CODEC CREATED
 STREAM CREATED
 STREAM FUNCTIONS SET
 BUFFER CREATED
 BUFFER ATTACHED TO STREAM
 - read_from_buffer(7885684)
 HEADER READ: OK
 - buffer_set_pos(33730)
 - read_from_buffer(7885684)
 IMAGE DECODED: OK
        x0 = 0
        y0 = 0
        x1 = 2048
        y1 = 2048
  numcomps = 3
  colspace = unspecified
  ____COMP 1____
        dx = 1
        dy = 1
         w = 2048
         h = 2048
        x0 = 0
        y0 = 0
      prec = 12
       bpp = 0
      sgnd = 1
  resno_de = 3
    factor = 0
     alpha = 0
      data = 7fe241800000
  ____COMP 2____
        dx = 1
        dy = 1
         w = 2048
         h = 2048
        x0 = 0
        y0 = 0
      prec = 12
       bpp = 0
      sgnd = 1
  resno_de = 3
    factor = 0
     alpha = 0
      data = 7fe242800000
  ____COMP 3____
        dx = 1
        dy = 1
         w = 2048
         h = 2048
        x0 = 0
        y0 = 0
      prec = 12
       bpp = 0
      sgnd = 1
  resno_de = 3
    factor = 0
     alpha = 0
      data = 7fe243800000
  ______________
  icc_prof_len = 0
  icc_prof_buf = 0
 DONE
Creating p0_07_1.csv
Creating p0_07_2.csv
Creating p0_07_3.csv
