p0_05.j2k has length: 1310767
   read 1310767 bytes / 1310767 to go

 PARSE
 CODEC CREATED
 STREAM CREATED
 STREAM FUNCTIONS SET
 BUFFER CREATED
 BUFFER ATTACHED TO STREAM
 - read_from_buffer(1310767)
 HEADER READ: OK
 - buffer_set_pos(1310765)
 - read_from_buffer(1310767)
 IMAGE DECODED: OK
        x0 = 0
        y0 = 0
        x1 = 1024
        y1 = 1024
  numcomps = 4
  colspace = unspecified
  ____COMP 1____
        dx = 1
        dy = 1
         w = 1024
         h = 1024
        x0 = 0
        y0 = 0
      prec = 8
       bpp = 0
      sgnd = 0
  resno_de = 6
    factor = 0
     alpha = 0
      data = 7fc2b4000000
  ____COMP 2____
        dx = 1
        dy = 1
         w = 1024
         h = 1024
        x0 = 0
        y0 = 0
      prec = 8
       bpp = 0
      sgnd = 0
  resno_de = 3
    factor = 0
     alpha = 0
      data = 7fc2b4400000
  ____COMP 3____
        dx = 2
        dy = 2
         w = 512
         h = 512
        x0 = 0
        y0 = 0
      prec = 8
       bpp = 0
      sgnd = 0
  resno_de = 6
    factor = 0
     alpha = 0
      data = 7fc2b2f00000
  ____COMP 4____
        dx = 2
        dy = 2
         w = 512
         h = 512
        x0 = 0
        y0 = 0
      prec = 8
       bpp = 0
      sgnd = 0
  resno_de = 6
    factor = 0
     alpha = 0
      data = 7fc2b4800000
  ______________
  icc_prof_len = 0
  icc_prof_buf = 0
 DONE
Creating p0_05_1.csv
Creating p0_05_2.csv
Creating p0_05_3.csv
Creating p0_05_4.csv
