p0_11.j2k has length: 233
   read 233 bytes / 233 to go

 PARSE
 CODEC CREATED
 STREAM CREATED
 STREAM FUNCTIONS SET
 BUFFER CREATED
 BUFFER ATTACHED TO STREAM
 - read_from_buffer(233)
 HEADER READ: OK
 - buffer_set_pos(231)
 - read_from_buffer(233)
 IMAGE DECODED: OK
        x0 = 0
        y0 = 0
        x1 = 128
        y1 = 1
  numcomps = 1
  colspace = unspecified
  ____COMP 1____
        dx = 1
        dy = 1
         w = 128
         h = 1
        x0 = 0
        y0 = 0
      prec = 8
       bpp = 0
      sgnd = 0
  resno_de = 0
    factor = 0
     alpha = 0
      data = 7ff357505920
  ______________
  icc_prof_len = 0
  icc_prof_buf = 0
 DONE
Creating p0_11.csv
