p0_14.j2k has length: 1634
   read 1634 bytes / 1634 to go

 PARSE
 CODEC CREATED
 STREAM CREATED
 STREAM FUNCTIONS SET
 BUFFER CREATED
 BUFFER ATTACHED TO STREAM
 - read_from_buffer(1634)
 HEADER READ: OK
 - buffer_set_pos(1632)
 - read_from_buffer(1634)
 IMAGE DECODED: OK
        x0 = 0
        y0 = 0
        x1 = 49
        y1 = 49
  numcomps = 3
  colspace = unspecified
  ____COMP 1____
        dx = 1
        dy = 1
         w = 49
         h = 49
        x0 = 0
        y0 = 0
      prec = 8
       bpp = 0
      sgnd = 0
  resno_de = 5
    factor = 0
     alpha = 0
      data = 7fe85e810200
  ____COMP 2____
        dx = 1
        dy = 1
         w = 49
         h = 49
        x0 = 0
        y0 = 0
      prec = 8
       bpp = 0
      sgnd = 0
  resno_de = 5
    factor = 0
     alpha = 0
      data = 7fe85e812800
  ____COMP 3____
        dx = 1
        dy = 1
         w = 49
         h = 49
        x0 = 0
        y0 = 0
      prec = 8
       bpp = 0
      sgnd = 0
  resno_de = 5
    factor = 0
     alpha = 0
      data = 7fe85e814e00
  ______________
  icc_prof_len = 0
  icc_prof_buf = 0
 DONE
Creating p0_14_1.csv
Creating p0_14_2.csv
Creating p0_14_3.csv
