1: 0000000000000 0000000000001 0000000000001 0000011111111 : R8 S3 : 0 (0-7)
2: 0000000000001 0000000000000 0000000000001 0000011111111 : R8 S3 : 0 (0-7)
3: 0000000000000 0000010000000 0000010000000 0000011111111 : R8 S3 : 7 (0-7)
4: 0000010000000 0000000000000 0000010000000 0000011111111 : R8 S3 : 7 (0-7)
5: 0000000000001 0000000000001 0000000000000 0000011111111 : R8 S3 : 0 (0-7)
6: 0000010000000 0000010000000 0000000000000 0000011111111 : R8 S3 : 7 (0-7)
7: 0000000000000 0000100000000 0000100000000 0000101111111 : R7 S3 : 8 (0-6)
8: 0000100000000 0000000000000 0000100000000 0000101111111 : R7 S3 : 8 (0-6)
9: 0000100000000 0000100000000 0000000000000 0000101111111 : R7 S3 : 8 (0-6)
10: 0000000000000 0001000000000 0001000000000 0001001111111 : R7 S3 : 9 (0-6)
11: 0001000000000 0000000000000 0001000000000 0001001111111 : R7 S3 : 9 (0-6)
12: 0001000000000 0001000000000 0000000000000 0001001111111 : R7 S3 : 9 (0-6)
13: 0000000000000 0010000000000 0010000000000 0010001111111 : R7 S3 : 10 (0-6)
14: 0010000000000 0000000000000 0010000000000 0010001111111 : R7 S3 : 10 (0-6)
15: 0010000000000 0010000000000 0000000000000 0010001111111 : R7 S3 : 10 (0-6)
16: 0000000000000 0100000000000 0100000000000 0100001111111 : R7 S3 : 11 (0-6)
17: 0100000000000 0000000000000 0100000000000 0100001111111 : R7 S3 : 11 (0-6)
18: 0100000000000 0100000000000 0000000000000 0100001111111 : R7 S3 : 11 (0-6)
19: 0000000000000 1000000000000 1000000000000 1000001111111 : R7 S3 : 12 (0-6)
20: 1000000000000 0000000000000 1000000000000 1000001111111 : R7 S3 : 12 (0-6)
21: 1000000000000 1000000000000 0000000000000 1000001111111 : R7 S3 : 12 (0-6)
22: 0000000000001 0000000000001 0000000000001 0000001111111 : R7 S4 : 0 (0-6)
23: 0000000000010 0000000000010 0000000000010 0000001111111 : R7 S4 : 1 (0-6)
24: 0000000000100 0000000000100 0000000000100 0000001111111 : R7 S4 : 2 (0-6)
25: 0000000001000 0000000001000 0000000001000 0000001111111 : R7 S4 : 3 (0-6)
26: 0000000010000 0000000010000 0000000010000 0000001111111 : R7 S4 : 4 (0-6)
27: 0000000100000 0000000100000 0000000100000 0000001111111 : R7 S4 : 5 (0-6)
28: 0000001000000 0000001000000 0000001000000 0000001111111 : R7 S4 : 6 (0-6)
29: 0000010000000 0000010000000 0000010000000 0000001111111 : R7 S3 : 7 (0-6)
30: 0000100000000 0000100000000 0000100000000 0000001111111 : R7 S3 : 8 (0-6)
31: 0001000000000 0001000000000 0001000000000 0000001111111 : R7 S3 : 9 (0-6)
32: 0010000000000 0010000000000 0010000000000 0000001111111 : R7 S3 : 10 (0-6)
33: 0100000000000 0100000000000 0100000000000 0000001111111 : R7 S3 : 11 (0-6)
34: 1000000000000 1000000000000 1000000000000 0000001111111 : R7 S3 : 12 (0-6)
35: 0000010000000 0000010000000 0000010000000 0000010111111 : R6 S4 : 7 (0-5)
36: 0000100000000 0000100000000 0000100000000 0000100111111 : R6 S4 : 8 (0-5)
37: 0001000000000 0001000000000 0001000000000 0001000111111 : R6 S4 : 9 (0-5)
38: 0010000000000 0010000000000 0010000000000 0010000111111 : R6 S4 : 10 (0-5)
39: 0100000000000 0100000000000 0100000000000 0100000111111 : R6 S4 : 11 (0-5)
40: 1000000000000 1000000000000 1000000000000 1000000111111 : R6 S4 : 12 (0-5)
0100000000000 0001010000100 0000000000000 0011000101011  4601(27/1999)  12646
0100001000000 0100000000001 0000000000001 1100000010011  4643(54/1999)  12706
1000000000100 0000001000000 0000010001010 0100001000011  4727(108/1999)  12802
0100000101000 0010000001001 0000000000000 0101000000011  4853(189/1999)  12946
0000000000000 0010000101010 0001000110100 0000000000011  5357(363/1999)  13539
41: 0000000000000 0000000000001 0000000000001 0000111111101 : R7 S3 : 0 (2-8)
42: 0000000000001 0000000000000 0000000000001 0000111111101 : R7 S3 : 0 (2-8)
43: 0000000000001 0000000000001 0000000000000 0000111111101 : R7 S3 : 0 (2-8)
44: 0000000000001 0000000000001 0000000000001 0000011111101 : R6 S4 : 0 (2-7)
0100001000100 0010000000101 0000000000010 0000000001101  5751(384/1999)  14050
1000000000010 0100000000000 0000100000000 1110000100101  5814(417/1999)  14170
0110000000000 1000000011000 0100000000010 0000010000101  5919(492/1999)  14290
0000000000000 0110100000101 0000100000010 0100000000101  6063(600/1999)  14470
45: 0000000000000 0000000000001 0000000000001 0001111111001 : R7 S3 : 0 (3-9)
46: 0000000000001 0000000000000 0000000000001 0001111111001 : R7 S3 : 0 (3-9)
47: 0000000000001 0000000000001 0000000000000 0001111111001 : R7 S3 : 0 (3-9)
48: 0000000000001 0000000000001 0000000000001 0000111111001 : R6 S4 : 0 (3-8)
0001010000010 0000001000000 0001000000000 0001001011001  6792(699/1999)  15529
1001100001110 0000000000000 0000000100000 0000000101001  6861(753/1999)  15635
0100100100000 0000000001000 0000001010000 0100100001001  6960(807/1999)  15637
1000000001000 0000101100000 0100001000000 1000000001001  7115(941/1999)  15637
49: 0000000000000 0000000000001 0000000000001 0011111110001 : R7 S3 : 0 (4-10)
50: 0000000000001 0000000000000 0000000000001 0011111110001 : R7 S3 : 0 (4-10)
51: 0000000000001 0000000000001 0000000000000 0011111110001 : R7 S3 : 0 (4-10)
52: 0000000000001 0000000000001 0000000000001 0001111110001 : R6 S4 : 0 (4-9)
1000010001001 0000001001000 0000000000000 0100000110001  7745(1008/1999)  16390
0000001010100 0000100100000 0010100000000 0000010010001  7856(1089/1999)  16498
0001010000000 1010000001100 0000010000000 0100000010001  7999(1196/1999)  16498
53: 0000000000000 0000000000001 0000000000001 0111111100001 : R7 S3 : 0 (5-11)
54: 0000000000001 0000000000000 0000000000001 0111111100001 : R7 S3 : 0 (5-11)
55: 0000000000001 0000000000001 0000000000000 0111111100001 : R7 S3 : 0 (5-11)
56: 0000000000001 0000000000001 0000000000001 0011111100001 : R6 S4 : 0 (5-10)
0000000000100 0000000000000 1100011000010 0010001100001  8589(1290/1999)  17371
0000000001111 0000010001000 0000000000000 0011000100001  8715(1371/1999)  17479
0000000000100 0101000001010 0011000000010 0000000100001  9017(1535/1999)  17842
57: 0000000000000 0000000000001 0000000000001 1111111000001 : R7 S3 : 0 (6-12)
58: 0000000000001 0000000000000 0000000000001 1111111000001 : R7 S3 : 0 (6-12)
59: 0000000000001 0000000000001 0000000000000 1111111000001 : R7 S3 : 0 (6-12)
60: 0000000000001 0000000000001 0000000000001 0111111000001 : R6 S4 : 0 (6-11)
0010100100000 0000000000010 0010010000010 0000101000001  9396(1593/1999)  18496
0000100000010 0001010000010 0001000001001 0000001000001  9553(1721/1999)  18598
61: 0000000000001 0000000000001 0000000000001 1111110000001 : R6 S4 : 0 (7-12)
0000001000000 0000000100010 0000100000111 0001010000001  10043(1800/1999)  19525
1001000100000 0010000100000 0001010000100 0000010000001  10343(1964/1999)  19940
0001000010001 0101000000000 0110000000000 0100100000001  10696(2054/1999)  20614
1000100000000 0000110000101 1000000000000 0011000000001  11198(2175/1999)  21558
0100010001100 0000000000000 0001000000011 0110000000001  11609(2295/1999)  22387
1000000010001 0000000101000 0000100001000 1100000000001  11972(2436/1999)  23005
0100111000000 0100010010000 0000000000100 1000000000001  12606(2565/1999)  23501
62: 0000000000000 0000000000001 0000011111111 0000000000001 : R8 S3 : 0 (0-7)
63: 0000000000001 0000000000000 0000011111111 0000000000001 : R8 S3 : 0 (0-7)
64: 0000000000001 0000000000001 0000001111111 0000000000001 : R7 S4 : 0 (0-6)
65: 0000000000000 0000000000001 0000111111101 0000000000001 : R7 S3 : 0 (2-8)
66: 0000000000001 0000000000000 0000111111101 0000000000001 : R7 S3 : 0 (2-8)
67: 0000000000001 0000000000001 0000011111101 0000000000001 : R6 S4 : 0 (2-7)
68: 0000000000000 0000000000001 0001111111001 0000000000001 : R7 S3 : 0 (3-9)
69: 0000000000001 0000000000000 0001111111001 0000000000001 : R7 S3 : 0 (3-9)
70: 0000000000001 0000000000001 0000111111001 0000000000001 : R6 S4 : 0 (3-8)
71: 0000000000000 0000000000001 0011111110001 0000000000001 : R7 S3 : 0 (4-10)
72: 0000000000001 0000000000000 0011111110001 0000000000001 : R7 S3 : 0 (4-10)
73: 0000000000001 0000000000001 0001111110001 0000000000001 : R6 S4 : 0 (4-9)
74: 0000000000000 0000000000001 0111111100001 0000000000001 : R7 S3 : 0 (5-11)
75: 0000000000001 0000000000000 0111111100001 0000000000001 : R7 S3 : 0 (5-11)
76: 0000000000001 0000000000001 0011111100001 0000000000001 : R6 S4 : 0 (5-10)
77: 0000000000000 0000000000001 1111111000001 0000000000001 : R7 S3 : 0 (6-12)
78: 0000000000001 0000000000000 1111111000001 0000000000001 : R7 S3 : 0 (6-12)
79: 0000000000001 0000000000001 0111111000001 0000000000001 : R6 S4 : 0 (6-11)
80: 0000000000001 0000000000001 1111110000001 0000000000001 : R6 S4 : 0 (7-12)
81: 0000000000000 0000011111111 0000000000001 0000000000001 : R8 S3 : 0 (0-7)
82: 0000000000001 0000001111111 0000000000001 0000000000001 : R7 S4 : 0 (0-6)
83: 0000000000000 0000111111101 0000000000001 0000000000001 : R7 S3 : 0 (2-8)
84: 0000000000001 0000011111101 0000000000001 0000000000001 : R6 S4 : 0 (2-7)
85: 0000000000000 0001111111001 0000000000001 0000000000001 : R7 S3 : 0 (3-9)
86: 0000000000001 0000111111001 0000000000001 0000000000001 : R6 S4 : 0 (3-8)
87: 0000000000000 0011111110001 0000000000001 0000000000001 : R7 S3 : 0 (4-10)
88: 0000000000001 0001111110001 0000000000001 0000000000001 : R6 S4 : 0 (4-9)
89: 0000000000000 0111111100001 0000000000001 0000000000001 : R7 S3 : 0 (5-11)
90: 0000000000001 0011111100001 0000000000001 0000000000001 : R6 S4 : 0 (5-10)
91: 0000000000000 1111111000001 0000000000001 0000000000001 : R7 S3 : 0 (6-12)
92: 0000000000001 0111111000001 0000000000001 0000000000001 : R6 S4 : 0 (6-11)
93: 0000000000001 1111110000001 0000000000001 0000000000001 : R6 S4 : 0 (7-12)
94: 0000001111111 0000000000001 0000000000001 0000000000001 : R7 S4 : 0 (0-6)
95: 0000011111101 0000000000001 0000000000001 0000000000001 : R6 S4 : 0 (2-7)
96: 0000111111001 0000000000001 0000000000001 0000000000001 : R6 S4 : 0 (3-8)
97: 0001111110001 0000000000001 0000000000001 0000000000001 : R6 S4 : 0 (4-9)
98: 0011111100001 0000000000001 0000000000001 0000000000001 : R6 S4 : 0 (5-10)
99: 0111111000001 0000000000001 0000000000001 0000000000001 : R6 S4 : 0 (6-11)
100: 1111110000001 0000000000001 0000000000001 0000000000001 : R6 S4 : 0 (7-12)
101: 0000011111110 0000000000001 0000000000001 0000000000001 : R7 S3 : 0 (1-7)
102: 0000111111100 0000000000001 0000000000001 0000000000001 : R7 S3 : 0 (2-8)
103: 0001111111000 0000000000001 0000000000001 0000000000001 : R7 S3 : 0 (3-9)
104: 0011111110000 0000000000001 0000000000001 0000000000001 : R7 S3 : 0 (4-10)
105: 0111111100000 0000000000001 0000000000001 0000000000001 : R7 S3 : 0 (5-11)
106: 1111111000000 0000000000001 0000000000001 0000000000001 : R7 S3 : 0 (6-12)
107: 0000000000001 0000011111110 0000000000001 0000000000001 : R7 S3 : 0 (1-7)
108: 0000000000001 0000111111100 0000000000001 0000000000001 : R7 S3 : 0 (2-8)
109: 0000000000001 0001111111000 0000000000001 0000000000001 : R7 S3 : 0 (3-9)
110: 0000000000001 0011111110000 0000000000001 0000000000001 : R7 S3 : 0 (4-10)
111: 0000000000001 0111111100000 0000000000001 0000000000001 : R7 S3 : 0 (5-11)
112: 0000000000001 1111111000000 0000000000001 0000000000001 : R7 S3 : 0 (6-12)
113: 0000011111111 0000000000000 0000000000001 0000000000001 : R8 S3 : 0 (0-7)
114: 0000111111101 0000000000000 0000000000001 0000000000001 : R7 S3 : 0 (2-8)
115: 0001111111001 0000000000000 0000000000001 0000000000001 : R7 S3 : 0 (3-9)
116: 0011111110001 0000000000000 0000000000001 0000000000001 : R7 S3 : 0 (4-10)
117: 0111111100001 0000000000000 0000000000001 0000000000001 : R7 S3 : 0 (5-11)
118: 1111111000001 0000000000000 0000000000001 0000000000001 : R7 S3 : 0 (6-12)
119: 0000000000001 0000000000001 0000011111110 0000000000001 : R7 S3 : 0 (1-7)
0010000000100 0000000100011 0000101100010 0000000000001  14778(2640/1999)  25718
120: 0000000000001 0000000000001 0000111111100 0000000000001 : R7 S3 : 0 (2-8)
121: 0000000000001 0000000000001 0001111111000 0000000000001 : R7 S3 : 0 (3-9)
122: 0000000000001 0000000000001 0011111110000 0000000000001 : R7 S3 : 0 (4-10)
123: 0000000000001 0000000000001 0111111100000 0000000000001 : R7 S3 : 0 (5-11)
1000001000100 0010000010011 0010000100000 0000000000001  15026(2640/1999)  26066
124: 0000000000001 0000000000001 1111111000000 0000000000001 : R7 S3 : 0 (6-12)
125: 0000000000001 0000011111111 0000000000000 0000000000001 : R8 S3 : 0 (0-7)
126: 0000000000001 0000111111101 0000000000000 0000000000001 : R7 S3 : 0 (2-8)
127: 0000000000001 0001111111001 0000000000000 0000000000001 : R7 S3 : 0 (3-9)
128: 0000000000001 0011111110001 0000000000000 0000000000001 : R7 S3 : 0 (4-10)
129: 0000000000001 0111111100001 0000000000000 0000000000001 : R7 S3 : 0 (5-11)
130: 0000000000001 1111111000001 0000000000000 0000000000001 : R7 S3 : 0 (6-12)
131: 0000011111111 0000000000001 0000000000000 0000000000001 : R8 S3 : 0 (0-7)
132: 0000111111101 0000000000001 0000000000000 0000000000001 : R7 S3 : 0 (2-8)
133: 0001111111001 0000000000001 0000000000000 0000000000001 : R7 S3 : 0 (3-9)
134: 0011111110001 0000000000001 0000000000000 0000000000001 : R7 S3 : 0 (4-10)
135: 0111111100001 0000000000001 0000000000000 0000000000001 : R7 S3 : 0 (5-11)
136: 1111111000001 0000000000001 0000000000000 0000000000001 : R7 S3 : 0 (6-12)
137: 0000000000000 0000000000010 0000000000010 0000111111110 : R8 S3 : 1 (1-8)
138: 0000000000010 0000000000000 0000000000010 0000111111110 : R8 S3 : 1 (1-8)
139: 0000000000000 0000100000000 0000100000000 0000111111110 : R8 S3 : 8 (1-8)
140: 0000100000000 0000000000000 0000100000000 0000111111110 : R8 S3 : 8 (1-8)
141: 0000000000010 0000000000010 0000000000000 0000111111110 : R8 S3 : 1 (1-8)
142: 0000100000000 0000100000000 0000000000000 0000111111110 : R8 S3 : 8 (1-8)
143: 0000000000000 0001000000000 0001000000000 0001011111110 : R7 S3 : 9 (1-7)
144: 0001000000000 0000000000000 0001000000000 0001011111110 : R7 S3 : 9 (1-7)
145: 0001000000000 0001000000000 0000000000000 0001011111110 : R7 S3 : 9 (1-7)
146: 0000000000000 0010000000000 0010000000000 0010011111110 : R7 S3 : 10 (1-7)
147: 0010000000000 0000000000000 0010000000000 0010011111110 : R7 S3 : 10 (1-7)
148: 0010000000000 0010000000000 0000000000000 0010011111110 : R7 S3 : 10 (1-7)
149: 0000000000000 0100000000000 0100000000000 0100011111110 : R7 S3 : 11 (1-7)
150: 0100000000000 0000000000000 0100000000000 0100011111110 : R7 S3 : 11 (1-7)
151: 0100000000000 0100000000000 0000000000000 0100011111110 : R7 S3 : 11 (1-7)
152: 0000000000000 1000000000000 1000000000000 1000011111110 : R7 S3 : 12 (1-7)
153: 1000000000000 0000000000000 1000000000000 1000011111110 : R7 S3 : 12 (1-7)
154: 1000000000000 1000000000000 0000000000000 1000011111110 : R7 S3 : 12 (1-7)
155: 0000000000001 0000000000001 0000000000001 0000011111110 : R7 S3 : 0 (1-7)
156: 0000000000010 0000000000010 0000000000010 0000011111110 : R7 S4 : 1 (1-7)
157: 0000000000100 0000000000100 0000000000100 0000011111110 : R7 S4 : 2 (1-7)
158: 0000000001000 0000000001000 0000000001000 0000011111110 : R7 S4 : 3 (1-7)
159: 0000000010000 0000000010000 0000000010000 0000011111110 : R7 S4 : 4 (1-7)
160: 0000000100000 0000000100000 0000000100000 0000011111110 : R7 S4 : 5 (1-7)
161: 0000001000000 0000001000000 0000001000000 0000011111110 : R7 S4 : 6 (1-7)
162: 0000010000000 0000010000000 0000010000000 0000011111110 : R7 S4 : 7 (1-7)
163: 0000100000000 0000100000000 0000100000000 0000011111110 : R7 S3 : 8 (1-7)
164: 0001000000000 0001000000000 0001000000000 0000011111110 : R7 S3 : 9 (1-7)
165: 0010000000000 0010000000000 0010000000000 0000011111110 : R7 S3 : 10 (1-7)
166: 0100000000000 0100000000000 0100000000000 0000011111110 : R7 S3 : 11 (1-7)
167: 1000000000000 1000000000000 1000000000000 0000011111110 : R7 S3 : 12 (1-7)
168: 0000100000000 0000100000000 0000100000000 0000101111110 : R6 S4 : 8 (1-6)
169: 0001000000000 0001000000000 0001000000000 0001001111110 : R6 S4 : 9 (1-6)
170: 0010000000000 0010000000000 0010000000000 0010001111110 : R6 S4 : 10 (1-6)
171: 0100000000000 0100000000000 0100000000000 0100001111110 : R6 S4 : 11 (1-6)
172: 1000000000000 1000000000000 1000000000000 1000001111110 : R6 S4 : 12 (1-6)
0000000101000 0000011000000 0101000000000 1000000001110  18534(2640/3084)  35001
1010000000001 0000000011100 0000000000000 0000100100110  19658(2694/3891)  39114
0000001000001 0011000000000 0100100000000 1000010000110  19742(2748/3891)  39306
1000000011100 0000000000000 0010001000000 1100000000110  19886(2856/3891)  39666
173: 0000000000000 0000000000010 0000000000010 0001111111010 : R7 S3 : 1 (3-9)
174: 0000000000010 0000000000000 0000000000010 0001111111010 : R7 S3 : 1 (3-9)
175: 0000000000010 0000000000010 0000000000000 0001111111010 : R7 S3 : 1 (3-9)
176: 0000000000010 0000000000010 0000000000010 0000111111010 : R6 S4 : 1 (3-8)
0000100000100 0010000001000 0000000001010 0000000111010  20521(2976/3891)  41008
0111000000000 0000101000000 0000000010100 0000000101010  20678(3024/3891)  41406
0000000100000 0101000000010 0000000000101 0010100001010  20783(3084/3891)  41538
0100000000001 0010000101000 0000010000100 1000000001010  20933(3213/3891)  41730
177: 0000000000000 0000000000010 0000000000010 0011111110010 : R7 S3 : 1 (4-10)
178: 0000000000010 0000000000000 0000000000010 0011111110010 : R7 S3 : 1 (4-10)
179: 0000000000010 0000000000010 0000000000000 0011111110010 : R7 S3 : 1 (4-10)
180: 0000000000010 0000000000010 0000000000010 0001111110010 : R6 S4 : 1 (4-9)
0100000000100 0000001100001 0000000001000 0010000110010  21547(3285/3891)  42948
0000001001000 0000001101000 0000000101000 0000010010010  21652(3360/3891)  43056
1100000000010 0000001000000 0001000011000 0100000010010  21796(3468/3891)  43056
181: 0000000000000 0000000000010 0000000000010 0111111100010 : R7 S3 : 1 (5-11)
182: 0000000000010 0000000000000 0000000000010 0111111100010 : R7 S3 : 1 (5-11)
183: 0000000000010 0000000000010 0000000000000 0111111100010 : R7 S3 : 1 (5-11)
184: 0000000000010 0000000000010 0000000000010 0011111100010 : R6 S4 : 1 (5-10)
0000000000000 1001000000000 1000011000000 1001001100010  22370(3567/3891)  44073
0000100000000 1000001101100 0100000000000 0000100100010  22481(3648/3891)  44181
0000010000011 0000000100000 0010100001010 0000000100010  22625(3771/3891)  44380
185: 0000000000000 0000000000010 0000000000010 1111111000010 : R7 S3 : 1 (6-12)
186: 0000000000010 0000000000000 0000000000010 1111111000010 : R7 S3 : 1 (6-12)
187: 0000000000010 0000000000010 0000000000000 1111111000010 : R7 S3 : 1 (6-12)
188: 0000000000010 0000000000010 0000000000010 0111111000010 : R6 S4 : 1 (6-11)
1000000001000 1000000100000 0100000100000 1000101000010  23126(3849/3891)  45420
1000001001110 0001001000000 0000000000000 1000001000010  23282(3984/3891)  45456
189: 0000000000010 0000000000010 0000000000010 1111110000010 : R6 S4 : 1 (7-12)
0010000000010 1000000000000 0001010000100 0101010000010  23740(4077/3891)  46755
0010000000011 0100011001000 0000000000010 0000010000010  23997(4241/3891)  47280
0000000100010 0101000100001 0000000001000 0100100000010  24322(4326/3891)  48150
0000000100000 0001101100000 0000001010000 0011000000010  24757(4446/3891)  49374
0011000100000 0001100100100 1000000000000 0001000000010  25014(4572/3891)  50111
0000000100100 0101000001010 0000000000001 1100000000010  25414(4692/3891)  51315
0000010000100 0101001000001 0000000010100 1000000000010  25986(4841/3891)  52094
190: 0000000000010 0000000000010 0000001111111 0000000000010 : R7 S4 : 1 (0-6)
191: 0000000000000 0000000000010 0000111111110 0000000000010 : R8 S3 : 1 (1-8)
192: 0000000000010 0000000000000 0000111111110 0000000000010 : R8 S3 : 1 (1-8)
193: 0000000000010 0000000000010 0000011111110 0000000000010 : R7 S4 : 1 (1-7)
194: 0000000000000 0000000000010 0001111111010 0000000000010 : R7 S3 : 1 (3-9)
195: 0000000000010 0000000000000 0001111111010 0000000000010 : R7 S3 : 1 (3-9)
196: 0000000000010 0000000000010 0000111111010 0000000000010 : R6 S4 : 1 (3-8)
197: 0000000000000 0000000000010 0011111110010 0000000000010 : R7 S3 : 1 (4-10)
198: 0000000000010 0000000000000 0011111110010 0000000000010 : R7 S3 : 1 (4-10)
199: 0000000000010 0000000000010 0001111110010 0000000000010 : R6 S4 : 1 (4-9)
0001000000001 0110100000000 0000001110010 0000000000010  26511(4881/3891)  54074
200: 0000000000000 0000000000010 0111111100010 0000000000010 : R7 S3 : 1 (5-11)
201: 0000000000010 0000000000000 0111111100010 0000000000010 : R7 S3 : 1 (5-11)
202: 0000000000010 0000000000010 0011111100010 0000000000010 : R6 S4 : 1 (5-10)
203: 0000000000000 0000000000010 1111111000010 0000000000010 : R7 S3 : 1 (6-12)
204: 0000000000010 0000000000000 1111111000010 0000000000010 : R7 S3 : 1 (6-12)
205: 0000000000010 0000000000010 0111111000010 0000000000010 : R6 S4 : 1 (6-11)
206: 0000000000010 0000000000010 1111110000010 0000000000010 : R6 S4 : 1 (7-12)
207: 0000000000010 0000001111111 0000000000010 0000000000010 : R7 S4 : 1 (0-6)
208: 0000000000000 0000111111110 0000000000010 0000000000010 : R8 S3 : 1 (1-8)
209: 0000000000010 0000011111110 0000000000010 0000000000010 : R7 S4 : 1 (1-7)
210: 0000000000000 0001111111010 0000000000010 0000000000010 : R7 S3 : 1 (3-9)
211: 0000000000010 0000111111010 0000000000010 0000000000010 : R6 S4 : 1 (3-8)
212: 0000000000000 0011111110010 0000000000010 0000000000010 : R7 S3 : 1 (4-10)
213: 0000000000010 0001111110010 0000000000010 0000000000010 : R6 S4 : 1 (4-9)
214: 0000000000000 0111111100010 0000000000010 0000000000010 : R7 S3 : 1 (5-11)
215: 0000000000010 0011111100010 0000000000010 0000000000010 : R6 S4 : 1 (5-10)
216: 0000000000000 1111111000010 0000000000010 0000000000010 : R7 S3 : 1 (6-12)
217: 0000000000010 0111111000010 0000000000010 0000000000010 : R6 S4 : 1 (6-11)
218: 0000000000010 1111110000010 0000000000010 0000000000010 : R6 S4 : 1 (7-12)
219: 0000001111111 0000000000010 0000000000010 0000000000010 : R7 S4 : 1 (0-6)
220: 0000011111110 0000000000010 0000000000010 0000000000010 : R7 S4 : 1 (1-7)
221: 0000111111010 0000000000010 0000000000010 0000000000010 : R6 S4 : 1 (3-8)
222: 0001111110010 0000000000010 0000000000010 0000000000010 : R6 S4 : 1 (4-9)
223: 0011111100010 0000000000010 0000000000010 0000000000010 : R6 S4 : 1 (5-10)
224: 0111111000010 0000000000010 0000000000010 0000000000010 : R6 S4 : 1 (6-11)
225: 1111110000010 0000000000010 0000000000010 0000000000010 : R6 S4 : 1 (7-12)
226: 0000111111100 0000000000010 0000000000010 0000000000010 : R7 S3 : 1 (2-8)
227: 0001111111000 0000000000010 0000000000010 0000000000010 : R7 S3 : 1 (3-9)
228: 0011111110000 0000000000010 0000000000010 0000000000010 : R7 S3 : 1 (4-10)
229: 0111111100000 0000000000010 0000000000010 0000000000010 : R7 S3 : 1 (5-11)
230: 1111111000000 0000000000010 0000000000010 0000000000010 : R7 S3 : 1 (6-12)
231: 0000000000010 0000111111100 0000000000010 0000000000010 : R7 S3 : 1 (2-8)
232: 0000000000010 0001111111000 0000000000010 0000000000010 : R7 S3 : 1 (3-9)
233: 0000000000010 0011111110000 0000000000010 0000000000010 : R7 S3 : 1 (4-10)
234: 0000000000010 0111111100000 0000000000010 0000000000010 : R7 S3 : 1 (5-11)
235: 0000000000010 1111111000000 0000000000010 0000000000010 : R7 S3 : 1 (6-12)
236: 0000111111110 0000000000000 0000000000010 0000000000010 : R8 S3 : 1 (1-8)
237: 0001111111010 0000000000000 0000000000010 0000000000010 : R7 S3 : 1 (3-9)
238: 0011111110010 0000000000000 0000000000010 0000000000010 : R7 S3 : 1 (4-10)
239: 0111111100010 0000000000000 0000000000010 0000000000010 : R7 S3 : 1 (5-11)
240: 1111111000010 0000000000000 0000000000010 0000000000010 : R7 S3 : 1 (6-12)
241: 0000000000010 0000000000010 0000111111100 0000000000010 : R7 S3 : 1 (2-8)
242: 0000000000010 0000000000010 0001111111000 0000000000010 : R7 S3 : 1 (3-9)
243: 0000000000010 0000000000010 0011111110000 0000000000010 : R7 S3 : 1 (4-10)
244: 0000000000010 0000000000010 0111111100000 0000000000010 : R7 S3 : 1 (5-11)
0000000110100 1001000000100 0010010100000 0000000000010  27939(4917/3891)  55918
245: 0000000000010 0000000000010 1111111000000 0000000000010 : R7 S3 : 1 (6-12)
246: 0000000000010 0000111111110 0000000000000 0000000000010 : R8 S3 : 1 (1-8)
247: 0000000000010 0001111111010 0000000000000 0000000000010 : R7 S3 : 1 (3-9)
248: 0000000000010 0011111110010 0000000000000 0000000000010 : R7 S3 : 1 (4-10)
249: 0000000000010 0111111100010 0000000000000 0000000000010 : R7 S3 : 1 (5-11)
250: 0000000000010 1111111000010 0000000000000 0000000000010 : R7 S3 : 1 (6-12)
251: 0000111111110 0000000000010 0000000000000 0000000000010 : R8 S3 : 1 (1-8)
252: 0001111111010 0000000000010 0000000000000 0000000000010 : R7 S3 : 1 (3-9)
253: 0011111110010 0000000000010 0000000000000 0000000000010 : R7 S3 : 1 (4-10)
254: 0111111100010 0000000000010 0000000000000 0000000000010 : R7 S3 : 1 (5-11)
255: 1111111000010 0000000000010 0000000000000 0000000000010 : R7 S3 : 1 (6-12)
256: 0000000000000 0000000000100 0000000000100 0001111111100 : R8 S3 : 2 (2-9)
257: 0000000000100 0000000000000 0000000000100 0001111111100 : R8 S3 : 2 (2-9)
258: 0000000000000 0001000000000 0001000000000 0001111111100 : R8 S3 : 9 (2-9)
259: 0001000000000 0000000000000 0001000000000 0001111111100 : R8 S3 : 9 (2-9)
260: 0000000000100 0000000000100 0000000000000 0001111111100 : R8 S3 : 2 (2-9)
261: 0001000000000 0001000000000 0000000000000 0001111111100 : R8 S3 : 9 (2-9)
262: 0000000000000 0010000000000 0010000000000 0010111111100 : R7 S3 : 10 (2-8)
263: 0010000000000 0000000000000 0010000000000 0010111111100 : R7 S3 : 10 (2-8)
264: 0010000000000 0010000000000 0000000000000 0010111111100 : R7 S3 : 10 (2-8)
265: 0000000000000 0100000000000 0100000000000 0100111111100 : R7 S3 : 11 (2-8)
266: 0100000000000 0000000000000 0100000000000 0100111111100 : R7 S3 : 11 (2-8)
267: 0100000000000 0100000000000 0000000000000 0100111111100 : R7 S3 : 11 (2-8)
268: 0000000000000 1000000000000 1000000000000 1000111111100 : R7 S3 : 12 (2-8)
269: 1000000000000 0000000000000 1000000000000 1000111111100 : R7 S3 : 12 (2-8)
270: 1000000000000 1000000000000 0000000000000 1000111111100 : R7 S3 : 12 (2-8)
271: 0000000000001 0000000000001 0000000000001 0000111111100 : R7 S3 : 0 (2-8)
272: 0000000000010 0000000000010 0000000000010 0000111111100 : R7 S3 : 1 (2-8)
273: 0000000000100 0000000000100 0000000000100 0000111111100 : R7 S4 : 2 (2-8)
274: 0000000001000 0000000001000 0000000001000 0000111111100 : R7 S4 : 3 (2-8)
275: 0000000010000 0000000010000 0000000010000 0000111111100 : R7 S4 : 4 (2-8)
276: 0000000100000 0000000100000 0000000100000 0000111111100 : R7 S4 : 5 (2-8)
277: 0000001000000 0000001000000 0000001000000 0000111111100 : R7 S4 : 6 (2-8)
278: 0000010000000 0000010000000 0000010000000 0000111111100 : R7 S4 : 7 (2-8)
279: 0000100000000 0000100000000 0000100000000 0000111111100 : R7 S4 : 8 (2-8)
280: 0001000000000 0001000000000 0001000000000 0000111111100 : R7 S3 : 9 (2-8)
281: 0010000000000 0010000000000 0010000000000 0000111111100 : R7 S3 : 10 (2-8)
282: 0100000000000 0100000000000 0100000000000 0000111111100 : R7 S3 : 11 (2-8)
283: 1000000000000 1000000000000 1000000000000 0000111111100 : R7 S3 : 12 (2-8)
284: 0001000000000 0001000000000 0001000000000 0001011111100 : R6 S4 : 9 (2-7)
285: 0010000000000 0010000000000 0010000000000 0010011111100 : R6 S4 : 10 (2-7)
286: 0100000000000 0100000000000 0100000000000 0100011111100 : R6 S4 : 11 (2-7)
287: 1000000000000 1000000000000 1000000000000 1000011111100 : R6 S4 : 12 (2-7)
0001000000100 0010010000010 0100000000010 0000000011100  31181(4917/4980)  64971
0010000000010 0000001100000 0100000100100 0000001001100  32105(4987/5679)  68577
1010100000000 0001000000010 0100000001000 0001000001100  32240(5077/5679)  68885
0000000001010 0000100000001 1110000001000 0000000001100  32596(5223/5679)  69955
288: 0000000000000 0000000000100 0000000000100 0011111110100 : R7 S3 : 2 (4-10)
289: 0000000000100 0000000000000 0000000000100 0011111110100 : R7 S3 : 2 (4-10)
290: 0000000000100 0000000000100 0000000000000 0011111110100 : R7 S3 : 2 (4-10)
291: 0000000000100 0000000000100 0000000000100 0001111110100 : R6 S4 : 2 (4-9)
0000000011010 0000100000000 0000010010000 0010001010100  32958(5253/5679)  70866
0000001000000 0000000000110 0110000000001 0101000010100  33084(5334/5679)  71046
1001010000100 0100000010000 0100000000010 0000000010100  33210(5454/5679)  71367
292: 0000000000000 0000000000100 0000000000100 0111111100100 : R7 S3 : 2 (5-11)
293: 0000000000100 0000000000000 0000000000100 0111111100100 : R7 S3 : 2 (5-11)
294: 0000000000100 0000000000100 0000000000000 0111111100100 : R7 S3 : 2 (5-11)
295: 0000000000100 0000000000100 0000000000100 0011111100100 : R6 S4 : 2 (5-10)
0100000100100 1000000000100 0000010000000 0010010100100  33760(5535/5679)  72732
0000000000100 0101000100000 1000100100000 0010000100100  33898(5637/5679)  72768
1000000001100 0001010111000 0000000000000 0000000100100  34189(5763/5679)  73479
296: 0000000000000 0000000000100 0000000000100 1111111000100 : R7 S3 : 2 (6-12)
297: 0000000000100 0000000000000 0000000000100 1111111000100 : R7 S3 : 2 (6-12)
298: 0000000000100 0000000000100 0000000000000 1111111000100 : R7 S3 : 2 (6-12)
299: 0000000000100 0000000000100 0000000000100 0111111000100 : R6 S4 : 2 (6-11)
0001000000000 0000000101000 0010001001000 0110001000100  34528(5844/5679)  74199
1000000001000 1001000100100 0000100100000 0000001000100  34759(5985/5679)  74907
300: 0000000000100 0000000000100 0000000000100 1111110000100 : R6 S4 : 2 (7-12)
0000000000010 0010010000001 1000001000000 1100010000100  35097(6072/5679)  75804
0000100000000 0000000000001 0110000110000 0101100000100  35484(6192/5679)  77361
0000000001000 0100000000001 1000010101100 0000100000100  35610(6312/5679)  77739
0100100100000 0000000001000 0100100001001 0001000000100  35999(6452/5679)  79161
0000001001000 1000100001000 0100010000001 0010000000100  36296(6572/5679)  80664
0000000110001 0000000010010 0000001101000 0100000000100  36708(6717/5679)  82032
301: 0000000000100 0000000000100 0000001111111 0000000000100 : R7 S4 : 2 (0-6)
0000011110100 0000000000101 0000000000011 0000000000100  37049(6793/5679)  83448
302: 0000000000100 0000000000100 0000011111110 0000000000100 : R7 S4 : 2 (1-7)
303: 0000000000000 0000000000100 0001111111100 0000000000100 : R8 S3 : 2 (2-9)
304: 0000000000100 0000000000000 0001111111100 0000000000100 : R8 S3 : 2 (2-9)
305: 0000000000100 0000000000100 0000111111100 0000000000100 : R7 S4 : 2 (2-8)
306: 0000000000000 0000000000100 0011111110100 0000000000100 : R7 S3 : 2 (4-10)
307: 0000000000100 0000000000000 0011111110100 0000000000100 : R7 S3 : 2 (4-10)
308: 0000000000100 0000000000100 0001111110100 0000000000100 : R6 S4 : 2 (4-9)
309: 0000000000000 0000000000100 0111111100100 0000000000100 : R7 S3 : 2 (5-11)
310: 0000000000100 0000000000000 0111111100100 0000000000100 : R7 S3 : 2 (5-11)
311: 0000000000100 0000000000100 0011111100100 0000000000100 : R6 S4 : 2 (5-10)
312: 0000000000000 0000000000100 1111111000100 0000000000100 : R7 S3 : 2 (6-12)
313: 0000000000100 0000000000000 1111111000100 0000000000100 : R7 S3 : 2 (6-12)
314: 0000000000100 0000000000100 0111111000100 0000000000100 : R6 S4 : 2 (6-11)
315: 0000000000100 0000000000100 1111110000100 0000000000100 : R6 S4 : 2 (7-12)
0000010000001 0001101110000 0000010000100 0000000000100  37764(6848/5679)  86142
316: 0000000000100 0000001111111 0000000000100 0000000000100 : R7 S4 : 2 (0-6)
317: 0000000000100 0000011111110 0000000000100 0000000000100 : R7 S4 : 2 (1-7)
318: 0000000000000 0001111111100 0000000000100 0000000000100 : R8 S3 : 2 (2-9)
319: 0000000000100 0000111111100 0000000000100 0000000000100 : R7 S4 : 2 (2-8)
320: 0000000000000 0011111110100 0000000000100 0000000000100 : R7 S3 : 2 (4-10)
321: 0000000000100 0001111110100 0000000000100 0000000000100 : R6 S4 : 2 (4-9)
322: 0000000000000 0111111100100 0000000000100 0000000000100 : R7 S3 : 2 (5-11)
323: 0000000000100 0011111100100 0000000000100 0000000000100 : R6 S4 : 2 (5-10)
324: 0000000000000 1111111000100 0000000000100 0000000000100 : R7 S3 : 2 (6-12)
325: 0000000000100 0111111000100 0000000000100 0000000000100 : R6 S4 : 2 (6-11)
326: 0000000000100 1111110000100 0000000000100 0000000000100 : R6 S4 : 2 (7-12)
327: 0000001111111 0000000000100 0000000000100 0000000000100 : R7 S4 : 2 (0-6)
328: 0000011111110 0000000000100 0000000000100 0000000000100 : R7 S4 : 2 (1-7)
329: 0000111111100 0000000000100 0000000000100 0000000000100 : R7 S4 : 2 (2-8)
330: 0001111110100 0000000000100 0000000000100 0000000000100 : R6 S4 : 2 (4-9)
331: 0011111100100 0000000000100 0000000000100 0000000000100 : R6 S4 : 2 (5-10)
332: 0111111000100 0000000000100 0000000000100 0000000000100 : R6 S4 : 2 (6-11)
333: 1111110000100 0000000000100 0000000000100 0000000000100 : R6 S4 : 2 (7-12)
334: 0001111111000 0000000000100 0000000000100 0000000000100 : R7 S3 : 2 (3-9)
335: 0011111110000 0000000000100 0000000000100 0000000000100 : R7 S3 : 2 (4-10)
336: 0111111100000 0000000000100 0000000000100 0000000000100 : R7 S3 : 2 (5-11)
337: 1111111000000 0000000000100 0000000000100 0000000000100 : R7 S3 : 2 (6-12)
338: 0000000000100 0001111111000 0000000000100 0000000000100 : R7 S3 : 2 (3-9)
339: 0000000000100 0011111110000 0000000000100 0000000000100 : R7 S3 : 2 (4-10)
340: 0000000000100 0111111100000 0000000000100 0000000000100 : R7 S3 : 2 (5-11)
341: 0000000000100 1111111000000 0000000000100 0000000000100 : R7 S3 : 2 (6-12)
342: 0001111111100 0000000000000 0000000000100 0000000000100 : R8 S3 : 2 (2-9)
343: 0011111110100 0000000000000 0000000000100 0000000000100 : R7 S3 : 2 (4-10)
344: 0111111100100 0000000000000 0000000000100 0000000000100 : R7 S3 : 2 (5-11)
345: 1111111000100 0000000000000 0000000000100 0000000000100 : R7 S3 : 2 (6-12)
346: 0000000000100 0000000000100 0001111111000 0000000000100 : R7 S3 : 2 (3-9)
347: 0000000000100 0000000000100 0011111110000 0000000000100 : R7 S3 : 2 (4-10)
348: 0000000000100 0000000000100 0111111100000 0000000000100 : R7 S3 : 2 (5-11)
349: 0000000000100 0000000000100 1111111000000 0000000000100 : R7 S3 : 2 (6-12)
0000101011110 0000010100001 0000000000000 0000000000100  38677(6858/5679)  88504
350: 0000000000100 0001111111100 0000000000000 0000000000100 : R8 S3 : 2 (2-9)
351: 0000000000100 0011111110100 0000000000000 0000000000100 : R7 S3 : 2 (4-10)
352: 0000000000100 0111111100100 0000000000000 0000000000100 : R7 S3 : 2 (5-11)
353: 0000000000100 1111111000100 0000000000000 0000000000100 : R7 S3 : 2 (6-12)
354: 0001111111100 0000000000100 0000000000000 0000000000100 : R8 S3 : 2 (2-9)
355: 0011111110100 0000000000100 0000000000000 0000000000100 : R7 S3 : 2 (4-10)
356: 0111111100100 0000000000100 0000000000000 0000000000100 : R7 S3 : 2 (5-11)
357: 1111111000100 0000000000100 0000000000000 0000000000100 : R7 S3 : 2 (6-12)
358: 0000000000000 0000000001000 0000000001000 0011111111000 : R8 S3 : 3 (3-10)
359: 0000000001000 0000000000000 0000000001000 0011111111000 : R8 S3 : 3 (3-10)
360: 0000000000000 0010000000000 0010000000000 0011111111000 : R8 S3 : 10 (3-10)
361: 0010000000000 0000000000000 0010000000000 0011111111000 : R8 S3 : 10 (3-10)
362: 0000000001000 0000000001000 0000000000000 0011111111000 : R8 S3 : 3 (3-10)
363: 0010000000000 0010000000000 0000000000000 0011111111000 : R8 S3 : 10 (3-10)
364: 0000000000000 0100000000000 0100000000000 0101111111000 : R7 S3 : 11 (3-9)
365: 0100000000000 0000000000000 0100000000000 0101111111000 : R7 S3 : 11 (3-9)
366: 0100000000000 0100000000000 0000000000000 0101111111000 : R7 S3 : 11 (3-9)
367: 0000000000000 1000000000000 1000000000000 1001111111000 : R7 S3 : 12 (3-9)
368: 1000000000000 0000000000000 1000000000000 1001111111000 : R7 S3 : 12 (3-9)
369: 1000000000000 1000000000000 0000000000000 1001111111000 : R7 S3 : 12 (3-9)
370: 0000000000001 0000000000001 0000000000001 0001111111000 : R7 S3 : 0 (3-9)
371: 0000000000010 0000000000010 0000000000010 0001111111000 : R7 S3 : 1 (3-9)
372: 0000000000100 0000000000100 0000000000100 0001111111000 : R7 S3 : 2 (3-9)
373: 0000000001000 0000000001000 0000000001000 0001111111000 : R7 S4 : 3 (3-9)
374: 0000000010000 0000000010000 0000000010000 0001111111000 : R7 S4 : 4 (3-9)
375: 0000000100000 0000000100000 0000000100000 0001111111000 : R7 S4 : 5 (3-9)
376: 0000001000000 0000001000000 0000001000000 0001111111000 : R7 S4 : 6 (3-9)
377: 0000010000000 0000010000000 0000010000000 0001111111000 : R7 S4 : 7 (3-9)
378: 0000100000000 0000100000000 0000100000000 0001111111000 : R7 S4 : 8 (3-9)
379: 0001000000000 0001000000000 0001000000000 0001111111000 : R7 S4 : 9 (3-9)
380: 0010000000000 0010000000000 0010000000000 0001111111000 : R7 S3 : 10 (3-9)
381: 0100000000000 0100000000000 0100000000000 0001111111000 : R7 S3 : 11 (3-9)
382: 1000000000000 1000000000000 1000000000000 0001111111000 : R7 S3 : 12 (3-9)
383: 0010000000000 0010000000000 0010000000000 0010111111000 : R6 S4 : 10 (3-8)
384: 0100000000000 0100000000000 0100000000000 0100111111000 : R6 S4 : 11 (3-8)
385: 1000000000000 1000000000000 1000000000000 1000111111000 : R6 S4 : 12 (3-8)
0010000000000 1000000110101 0100000000000 0000001011000  42206(6912/7366)  99447
0101010010000 0000000000000 0000100000010 0110000011000  42338(6993/7366)  99763
0001100000000 0011010000010 0000010100000 0000000011000  42686(7140/7366)  100906
386: 0000000000000 0000000001000 0000000001000 0111111101000 : R7 S3 : 3 (5-11)
387: 0000000001000 0000000000000 0000000001000 0111111101000 : R7 S3 : 3 (5-11)
388: 0000000001000 0000000001000 0000000000000 0111111101000 : R7 S3 : 3 (5-11)
389: 0000000001000 0000000001000 0000000001000 0011111101000 : R6 S4 : 3 (5-10)
0011001010001 0000100000010 0000000000000 0000010101000  42993(7194/7366)  101790
1000010100010 0100001000000 1000000000000 0100000101000  43137(7302/7366)  101972
390: 0000000000000 0000000001000 0000000001000 1111111001000 : R7 S3 : 3 (6-12)
391: 0000000001000 0000000000000 0000000001000 1111111001000 : R7 S3 : 3 (6-12)
392: 0000000001000 0000000001000 0000000000000 1111111001000 : R7 S3 : 3 (6-12)
393: 0000000001000 0000000001000 0000000001000 0111111001000 : R6 S4 : 3 (6-11)
0000001000100 0100010000001 0001000000000 1000011001000  43602(7395/7366)  103504
0000100000000 0101001000000 0001010000000 1100001001000  43746(7503/7366)  103612
394: 0000000001000 0000000001000 0000000001000 1111110001000 : R6 S4 : 3 (7-12)
0000000100100 0001000001000 0001000000001 0010110001000  44171(7623/7366)  104983
0001000100010 0000000101000 0001000000100 1000010001000  44300(7731/7366)  105091
1000000100001 0000000010000 0100000100000 0110100001000  44669(7851/7366)  106708
1000000000100 0110000010000 0110000100000 0000100001000  44846(7992/7366)  107461
1100000000001 0000000000110 0001010000100 0001000001000  45116(8096/7366)  108567
1000010000010 0001010100000 0000000011000 0010000001000  45365(8222/7366)  110214
0111001010000 0011000000000 0000100000000 0100000001000  45702(8355/7366)  111454
395: 0000000001000 0000000001000 0000001111111 0000000001000 : R7 S4 : 3 (0-6)
0000000000010 0000000000111 1100100100001 0000000001000  46051(8435/7366)  112481
396: 0000000001000 0000000001000 0000011111110 0000000001000 : R7 S4 : 3 (1-7)
397: 0000000001000 0000000001000 0000111111100 0000000001000 : R7 S4 : 3 (2-8)
398: 0000000000000 0000000001000 0011111111000 0000000001000 : R8 S3 : 3 (3-10)
399: 0000000001000 0000000000000 0011111111000 0000000001000 : R8 S3 : 3 (3-10)
400: 0000000001000 0000000001000 0001111111000 0000000001000 : R7 S4 : 3 (3-9)
401: 0000000000000 0000000001000 0111111101000 0000000001000 : R7 S3 : 3 (5-11)
402: 0000000001000 0000000000000 0111111101000 0000000001000 : R7 S3 : 3 (5-11)
403: 0000000001000 0000000001000 0011111101000 0000000001000 : R6 S4 : 3 (5-10)
404: 0000000000000 0000000001000 1111111001000 0000000001000 : R7 S3 : 3 (6-12)
405: 0000000001000 0000000000000 1111111001000 0000000001000 : R7 S3 : 3 (6-12)
406: 0000000001000 0000000001000 0111111001000 0000000001000 : R6 S4 : 3 (6-11)
407: 0000000001000 0000000001000 1111110001000 0000000001000 : R6 S4 : 3 (7-12)
0000000000011 1000001100010 1000010001000 0000000001000  46568(8479/7366)  115530
408: 0000000001000 0000001111111 0000000001000 0000000001000 : R7 S4 : 3 (0-6)
409: 0000000001000 0000011111110 0000000001000 0000000001000 : R7 S4 : 3 (1-7)
410: 0000000001000 0000111111100 0000000001000 0000000001000 : R7 S4 : 3 (2-8)
411: 0000000000000 0011111111000 0000000001000 0000000001000 : R8 S3 : 3 (3-10)
412: 0000000001000 0001111111000 0000000001000 0000000001000 : R7 S4 : 3 (3-9)
413: 0000000000000 0111111101000 0000000001000 0000000001000 : R7 S3 : 3 (5-11)
414: 0000000001000 0011111101000 0000000001000 0000000001000 : R6 S4 : 3 (5-10)
415: 0000000000000 1111111001000 0000000001000 0000000001000 : R7 S3 : 3 (6-12)
416: 0000000001000 0111111001000 0000000001000 0000000001000 : R6 S4 : 3 (6-11)
417: 0000000001000 1111110001000 0000000001000 0000000001000 : R6 S4 : 3 (7-12)
418: 0000001111111 0000000001000 0000000001000 0000000001000 : R7 S4 : 3 (0-6)
419: 0000011111110 0000000001000 0000000001000 0000000001000 : R7 S4 : 3 (1-7)
420: 0000111111100 0000000001000 0000000001000 0000000001000 : R7 S4 : 3 (2-8)
421: 0001111111000 0000000001000 0000000001000 0000000001000 : R7 S4 : 3 (3-9)
422: 0011111101000 0000000001000 0000000001000 0000000001000 : R6 S4 : 3 (5-10)
423: 0111111001000 0000000001000 0000000001000 0000000001000 : R6 S4 : 3 (6-11)
424: 1111110001000 0000000001000 0000000001000 0000000001000 : R6 S4 : 3 (7-12)
425: 0011111110000 0000000001000 0000000001000 0000000001000 : R7 S3 : 3 (4-10)
426: 0111111100000 0000000001000 0000000001000 0000000001000 : R7 S3 : 3 (5-11)
427: 1111111000000 0000000001000 0000000001000 0000000001000 : R7 S3 : 3 (6-12)
428: 0000000001000 0011111110000 0000000001000 0000000001000 : R7 S3 : 3 (4-10)
429: 0000000001000 0111111100000 0000000001000 0000000001000 : R7 S3 : 3 (5-11)
430: 0000000001000 1111111000000 0000000001000 0000000001000 : R7 S3 : 3 (6-12)
431: 0011111111000 0000000000000 0000000001000 0000000001000 : R8 S3 : 3 (3-10)
432: 0111111101000 0000000000000 0000000001000 0000000001000 : R7 S3 : 3 (5-11)
433: 1111111001000 0000000000000 0000000001000 0000000001000 : R7 S3 : 3 (6-12)
434: 0000000001000 0000000001000 0011111110000 0000000001000 : R7 S3 : 3 (4-10)
435: 0000000001000 0000000001000 0111111100000 0000000001000 : R7 S3 : 3 (5-11)
436: 0000000001000 0000000001000 1111111000000 0000000001000 : R7 S3 : 3 (6-12)
437: 0000000001000 0011111111000 0000000000000 0000000001000 : R8 S3 : 3 (3-10)
438: 0000000001000 0111111101000 0000000000000 0000000001000 : R7 S3 : 3 (5-11)
439: 0000000001000 1111111001000 0000000000000 0000000001000 : R7 S3 : 3 (6-12)
440: 0011111111000 0000000001000 0000000000000 0000000001000 : R8 S3 : 3 (3-10)
441: 0111111101000 0000000001000 0000000000000 0000000001000 : R7 S3 : 3 (5-11)
442: 1111111001000 0000000001000 0000000000000 0000000001000 : R7 S3 : 3 (6-12)
443: 0000000000000 0000000010000 0000000010000 0111111110000 : R8 S3 : 4 (4-11)
444: 0000000010000 0000000000000 0000000010000 0111111110000 : R8 S3 : 4 (4-11)
445: 0000000000000 0100000000000 0100000000000 0111111110000 : R8 S3 : 11 (4-11)
446: 0100000000000 0000000000000 0100000000000 0111111110000 : R8 S3 : 11 (4-11)
447: 0000000010000 0000000010000 0000000000000 0111111110000 : R8 S3 : 4 (4-11)
448: 0100000000000 0100000000000 0000000000000 0111111110000 : R8 S3 : 11 (4-11)
449: 0000000000000 1000000000000 1000000000000 1011111110000 : R7 S3 : 12 (4-10)
450: 1000000000000 0000000000000 1000000000000 1011111110000 : R7 S3 : 12 (4-10)
451: 1000000000000 1000000000000 0000000000000 1011111110000 : R7 S3 : 12 (4-10)
452: 0000000000001 0000000000001 0000000000001 0011111110000 : R7 S3 : 0 (4-10)
453: 0000000000010 0000000000010 0000000000010 0011111110000 : R7 S3 : 1 (4-10)
454: 0000000000100 0000000000100 0000000000100 0011111110000 : R7 S3 : 2 (4-10)
455: 0000000001000 0000000001000 0000000001000 0011111110000 : R7 S3 : 3 (4-10)
456: 0000000010000 0000000010000 0000000010000 0011111110000 : R7 S4 : 4 (4-10)
457: 0000000100000 0000000100000 0000000100000 0011111110000 : R7 S4 : 5 (4-10)
458: 0000001000000 0000001000000 0000001000000 0011111110000 : R7 S4 : 6 (4-10)
459: 0000010000000 0000010000000 0000010000000 0011111110000 : R7 S4 : 7 (4-10)
460: 0000100000000 0000100000000 0000100000000 0011111110000 : R7 S4 : 8 (4-10)
461: 0001000000000 0001000000000 0001000000000 0011111110000 : R7 S4 : 9 (4-10)
462: 0010000000000 0010000000000 0010000000000 0011111110000 : R7 S4 : 10 (4-10)
463: 0100000000000 0100000000000 0100000000000 0011111110000 : R7 S3 : 11 (4-10)
464: 1000000000000 1000000000000 1000000000000 0011111110000 : R7 S3 : 12 (4-10)
465: 0100000000000 0100000000000 0100000000000 0101111110000 : R6 S4 : 11 (4-9)
466: 1000000000000 1000000000000 1000000000000 1001111110000 : R6 S4 : 12 (4-9)
0100000001000 0100000000000 0010000100100 0010001110000  49070(8490/8149)  122649
0000000000010 0000010000000 1001000010000 1101000110000  50472(8571/8956)  127941
0000010100010 0000100110000 0001000000010 0000000110000  50608(8691/8956)  128348
467: 0000000000000 0000000010000 0000000010000 1111111010000 : R7 S3 : 4 (6-12)
468: 0000000010000 0000000000000 0000000010000 1111111010000 : R7 S3 : 4 (6-12)
469: 0000000010000 0000000010000 0000000000000 1111111010000 : R7 S3 : 4 (6-12)
470: 0000000010000 0000000010000 0000000010000 0111111010000 : R6 S4 : 4 (6-11)
0001000000000 1001011000000 0001000000010 0000101010000  51087(8772/8956)  130008
0100000000000 0110000101010 0000000001001 0000001010000  51252(8907/8956)  130266
471: 0000000010000 0000000010000 0000000010000 1111110010000 : R6 S4 : 4 (7-12)
0001010000000 0100000000110 0000000000011 0001010010000  51677(9000/8956)  131838
0000001011010 0100000000010 0000010000100 0000010010000  51818(9125/8956)  131967
1000000100010 1000001000000 1100000000000 0100100010000  52207(9254/8956)  133377
1001010000000 0100011000001 0000000000000 0011000010000  52541(9375/8956)  134933
0000000000000 0000110000100 0011000000101 0110000010000  52772(9495/8956)  136410
0110000000000 0010000010100 1000000001000 1100000010000  52964(9615/8956)  137487
0000000000010 1000110100000 0000000111000 1000000010000  53202(9726/8956)  138398
472: 0000000010000 0000000010000 0000001111111 0000000010000 : R7 S4 : 4 (0-6)
473: 0000000010000 0000000010000 0000011111110 0000000010000 : R7 S4 : 4 (1-7)
0000000001101 0010100000000 0100001100010 0000000010000  53626(9795/8956)  139549
474: 0000000010000 0000000010000 0000111111100 0000000010000 : R7 S4 : 4 (2-8)
475: 0000000010000 0000000010000 0001111111000 0000000010000 : R7 S4 : 4 (3-9)
476: 0000000000000 0000000010000 0111111110000 0000000010000 : R8 S3 : 4 (4-11)
477: 0000000010000 0000000000000 0111111110000 0000000010000 : R8 S3 : 4 (4-11)
478: 0000000010000 0000000010000 0011111110000 0000000010000 : R7 S4 : 4 (4-10)
479: 0000000000000 0000000010000 1111111010000 0000000010000 : R7 S3 : 4 (6-12)
480: 0000000010000 0000000000000 1111111010000 0000000010000 : R7 S3 : 4 (6-12)
481: 0000000010000 0000000010000 0111111010000 0000000010000 : R6 S4 : 4 (6-11)
482: 0000000010000 0000000010000 1111110010000 0000000010000 : R6 S4 : 4 (7-12)
483: 0000000010000 0000001111111 0000000010000 0000000010000 : R7 S4 : 4 (0-6)
484: 0000000010000 0000011111110 0000000010000 0000000010000 : R7 S4 : 4 (1-7)
485: 0000000010000 0000111111100 0000000010000 0000000010000 : R7 S4 : 4 (2-8)
486: 0000000010000 0001111111000 0000000010000 0000000010000 : R7 S4 : 4 (3-9)
487: 0000000000000 0111111110000 0000000010000 0000000010000 : R8 S3 : 4 (4-11)
488: 0000000010000 0011111110000 0000000010000 0000000010000 : R7 S4 : 4 (4-10)
489: 0000000000000 1111111010000 0000000010000 0000000010000 : R7 S3 : 4 (6-12)
490: 0000000010000 0111111010000 0000000010000 0000000010000 : R6 S4 : 4 (6-11)
491: 0000000010000 1111110010000 0000000010000 0000000010000 : R6 S4 : 4 (7-12)
492: 0000001111111 0000000010000 0000000010000 0000000010000 : R7 S4 : 4 (0-6)
493: 0000011111110 0000000010000 0000000010000 0000000010000 : R7 S4 : 4 (1-7)
494: 0000111111100 0000000010000 0000000010000 0000000010000 : R7 S4 : 4 (2-8)
495: 0001111111000 0000000010000 0000000010000 0000000010000 : R7 S4 : 4 (3-9)
496: 0011111110000 0000000010000 0000000010000 0000000010000 : R7 S4 : 4 (4-10)
497: 0111111010000 0000000010000 0000000010000 0000000010000 : R6 S4 : 4 (6-11)
498: 1111110010000 0000000010000 0000000010000 0000000010000 : R6 S4 : 4 (7-12)
499: 0111111100000 0000000010000 0000000010000 0000000010000 : R7 S3 : 4 (5-11)
500: 1111111000000 0000000010000 0000000010000 0000000010000 : R7 S3 : 4 (6-12)
501: 0000000010000 0111111100000 0000000010000 0000000010000 : R7 S3 : 4 (5-11)
502: 0000000010000 1111111000000 0000000010000 0000000010000 : R7 S3 : 4 (6-12)
503: 0111111110000 0000000000000 0000000010000 0000000010000 : R8 S3 : 4 (4-11)
504: 1111111010000 0000000000000 0000000010000 0000000010000 : R7 S3 : 4 (6-12)
505: 0000000010000 0000000010000 0111111100000 0000000010000 : R7 S3 : 4 (5-11)
0100100100000 0010011000100 0010000100000 0000000010000  54507(9840/8956)  143513
506: 0000000010000 0000000010000 1111111000000 0000000010000 : R7 S3 : 4 (6-12)
507: 0000000010000 0111111110000 0000000000000 0000000010000 : R8 S3 : 4 (4-11)
508: 0000000010000 1111111010000 0000000000000 0000000010000 : R7 S3 : 4 (6-12)
509: 0111111110000 0000000010000 0000000000000 0000000010000 : R8 S3 : 4 (4-11)
510: 1111111010000 0000000010000 0000000000000 0000000010000 : R7 S3 : 4 (6-12)
511: 0000000000000 0000000100000 0000000100000 1111111100000 : R8 S3 : 5 (5-12)
512: 0000000100000 0000000000000 0000000100000 1111111100000 : R8 S3 : 5 (5-12)
513: 0000000000000 1000000000000 1000000000000 1111111100000 : R8 S3 : 12 (5-12)
514: 1000000000000 0000000000000 1000000000000 1111111100000 : R8 S3 : 12 (5-12)
515: 0000000100000 0000000100000 0000000000000 1111111100000 : R8 S3 : 5 (5-12)
516: 1000000000000 1000000000000 0000000000000 1111111100000 : R8 S3 : 12 (5-12)
517: 0000000000001 0000000000001 0000000000001 0111111100000 : R7 S3 : 0 (5-11)
518: 0000000000010 0000000000010 0000000000010 0111111100000 : R7 S3 : 1 (5-11)
519: 0000000000100 0000000000100 0000000000100 0111111100000 : R7 S3 : 2 (5-11)
520: 0000000001000 0000000001000 0000000001000 0111111100000 : R7 S3 : 3 (5-11)
521: 0000000010000 0000000010000 0000000010000 0111111100000 : R7 S3 : 4 (5-11)
522: 0000000100000 0000000100000 0000000100000 0111111100000 : R7 S4 : 5 (5-11)
523: 0000001000000 0000001000000 0000001000000 0111111100000 : R7 S4 : 6 (5-11)
524: 0000010000000 0000010000000 0000010000000 0111111100000 : R7 S4 : 7 (5-11)
525: 0000100000000 0000100000000 0000100000000 0111111100000 : R7 S4 : 8 (5-11)
526: 0001000000000 0001000000000 0001000000000 0111111100000 : R7 S4 : 9 (5-11)
527: 0010000000000 0010000000000 0010000000000 0111111100000 : R7 S4 : 10 (5-11)
528: 0100000000000 0100000000000 0100000000000 0111111100000 : R7 S4 : 11 (5-11)
529: 1000000000000 1000000000000 1000000000000 0111111100000 : R7 S3 : 12 (5-11)
530: 1000000000000 1000000000000 1000000000000 1011111100000 : R6 S4 : 12 (5-10)
0010000000000 0010001000000 0010000100110 0000101100000  57404(9867/10450)  153297
0010000000000 0110100001000 1000000000101 0000001100000  57575(10002/10450)  153741
531: 0000000100000 0000000100000 0000000100000 1111110100000 : R6 S4 : 5 (7-12)
0000000000000 0100100000000 1010001100000 1001010100000  58039(10095/10450)  155472
0010101001000 0000000000101 0000000100100 0000010100000  58194(10219/10450)  155743
0000000000100 0001100010101 0000010000000 0100100100000  58609(10344/10450)  157290
1110000000001 0000000010001 0000100000000 0011000100000  58987(10464/10450)  158656
1000000000000 0100000000010 0101001000000 1110000100000  59249(10590/10450)  159947
0000010000100 1010000000000 1100000000100 1100000100000  59464(10710/10450)  161142
0100000010000 0100100100000 0110000000100 1000000100000  59716(10820/10450)  161939
532: 0000000100000 0000000100000 0000001111111 0000000100000 : R7 S4 : 5 (0-6)
533: 0000000100000 0000000100000 0000011111110 0000000100000 : R7 S4 : 5 (1-7)
0000100000001 1000000010011 0100000010010 0000000100000  60181(10883/10450)  163170
534: 0000000100000 0000000100000 0000111111100 0000000100000 : R7 S4 : 5 (2-8)
535: 0000000100000 0000000100000 0001111111000 0000000100000 : R7 S4 : 5 (3-9)
536: 0000000100000 0000000100000 0011111110000 0000000100000 : R7 S4 : 5 (4-10)
537: 0000000000000 0000000100000 1111111100000 0000000100000 : R8 S3 : 5 (5-12)
538: 0000000100000 0000000000000 1111111100000 0000000100000 : R8 S3 : 5 (5-12)
539: 0000000100000 0000000100000 0111111100000 0000000100000 : R7 S4 : 5 (5-11)
540: 0000000100000 0000000100000 1111110100000 0000000100000 : R6 S4 : 5 (7-12)
0010000000000 1110000010010 1001000100000 0000000100000  60670(10931/10450)  166404
541: 0000000100000 0000001111111 0000000100000 0000000100000 : R7 S4 : 5 (0-6)
542: 0000000100000 0000011111110 0000000100000 0000000100000 : R7 S4 : 5 (1-7)
543: 0000000100000 0000111111100 0000000100000 0000000100000 : R7 S4 : 5 (2-8)
544: 0000000100000 0001111111000 0000000100000 0000000100000 : R7 S4 : 5 (3-9)
545: 0000000100000 0011111110000 0000000100000 0000000100000 : R7 S4 : 5 (4-10)
546: 0000000000000 1111111100000 0000000100000 0000000100000 : R8 S3 : 5 (5-12)
547: 0000000100000 0111111100000 0000000100000 0000000100000 : R7 S4 : 5 (5-11)
548: 0000000100000 1111110100000 0000000100000 0000000100000 : R6 S4 : 5 (7-12)
549: 0000001111111 0000000100000 0000000100000 0000000100000 : R7 S4 : 5 (0-6)
550: 0000011111110 0000000100000 0000000100000 0000000100000 : R7 S4 : 5 (1-7)
551: 0000111111100 0000000100000 0000000100000 0000000100000 : R7 S4 : 5 (2-8)
552: 0001111111000 0000000100000 0000000100000 0000000100000 : R7 S4 : 5 (3-9)
553: 0011111110000 0000000100000 0000000100000 0000000100000 : R7 S4 : 5 (4-10)
554: 0111111100000 0000000100000 0000000100000 0000000100000 : R7 S4 : 5 (5-11)
555: 1111110100000 0000000100000 0000000100000 0000000100000 : R6 S4 : 5 (7-12)
556: 1111111000000 0000000100000 0000000100000 0000000100000 : R7 S3 : 5 (6-12)
557: 0000000100000 1111111000000 0000000100000 0000000100000 : R7 S3 : 5 (6-12)
558: 1111111100000 0000000000000 0000000100000 0000000100000 : R8 S3 : 5 (5-12)
559: 0000000100000 0000000100000 1111111000000 0000000100000 : R7 S3 : 5 (6-12)
560: 0000000100000 1111111100000 0000000000000 0000000100000 : R8 S3 : 5 (5-12)
561: 1111111100000 0000000100000 0000000000000 0000000100000 : R8 S3 : 5 (5-12)
562: 0000000000001 0000000000001 0000000000001 1111111000000 : R7 S3 : 0 (6-12)
563: 0000000000010 0000000000010 0000000000010 1111111000000 : R7 S3 : 1 (6-12)
564: 0000000000100 0000000000100 0000000000100 1111111000000 : R7 S3 : 2 (6-12)
565: 0000000001000 0000000001000 0000000001000 1111111000000 : R7 S3 : 3 (6-12)
566: 0000000010000 0000000010000 0000000010000 1111111000000 : R7 S3 : 4 (6-12)
567: 0000000100000 0000000100000 0000000100000 1111111000000 : R7 S3 : 5 (6-12)
568: 0000001000000 0000001000000 0000001000000 1111111000000 : R7 S4 : 6 (6-12)
569: 0000010000000 0000010000000 0000010000000 1111111000000 : R7 S4 : 7 (6-12)
570: 0000100000000 0000100000000 0000100000000 1111111000000 : R7 S4 : 8 (6-12)
571: 0001000000000 0001000000000 0001000000000 1111111000000 : R7 S4 : 9 (6-12)
572: 0010000000000 0010000000000 0010000000000 1111111000000 : R7 S4 : 10 (6-12)
573: 0100000000000 0100000000000 0100000000000 1111111000000 : R7 S4 : 11 (6-12)
574: 1000000000000 1000000000000 1000000000000 1111111000000 : R7 S4 : 12 (6-12)
0000000100110 1000000100000 1000010000000 0001011000000  63651(10987/11848)  175971
0000001010000 1000001100100 0000010010000 0000011000000  63809(11099/11848)  176491
0000010100000 1000100100100 0000000100000 1000101000000  64247(11217/11848)  178090
0000000010001 0010001100000 0100000001000 0101001000000  64670(11337/11848)  179635
0000000010000 0001000010010 1001100000000 0110001000000  65003(11478/11848)  180922
0100100110000 0000000000100 0000010001001 0100001000000  65264(11604/11848)  181903
0001000000001 0000000001010 1000101100000 1000001000000  65514(11700/11848)  182760
575: 0000001000000 0000001000000 0000001111111 0000001000000 : R7 S4 : 6 (0-6)
576: 0000001000000 0000001000000 0000011111110 0000001000000 : R7 S4 : 6 (1-7)
1000001000010 0000100010000 1101000000010 0000001000000  66011(11757/11848)  184000
577: 0000001000000 0000001000000 0000111111100 0000001000000 : R7 S4 : 6 (2-8)
578: 0000001000000 0000001000000 0001111111000 0000001000000 : R7 S4 : 6 (3-9)
579: 0000001000000 0000001000000 0011111110000 0000001000000 : R7 S4 : 6 (4-10)
580: 0000001000000 0000001000000 0111111100000 0000001000000 : R7 S4 : 6 (5-11)
581: 0000001000000 0000001000000 1111111000000 0000001000000 : R7 S4 : 6 (6-12)
0000110100101 0000000011000 1000001000000 0000001000000  66542(11802/11848)  187582
582: 0000001000000 0000001111111 0000001000000 0000001000000 : R7 S4 : 6 (0-6)
583: 0000001000000 0000011111110 0000001000000 0000001000000 : R7 S4 : 6 (1-7)
584: 0000001000000 0000111111100 0000001000000 0000001000000 : R7 S4 : 6 (2-8)
585: 0000001000000 0001111111000 0000001000000 0000001000000 : R7 S4 : 6 (3-9)
586: 0000001000000 0011111110000 0000001000000 0000001000000 : R7 S4 : 6 (4-10)
587: 0000001000000 0111111100000 0000001000000 0000001000000 : R7 S4 : 6 (5-11)
588: 0000001000000 1111111000000 0000001000000 0000001000000 : R7 S4 : 6 (6-12)
589: 0000001111111 0000001000000 0000001000000 0000001000000 : R7 S4 : 6 (0-6)
590: 0000011111110 0000001000000 0000001000000 0000001000000 : R7 S4 : 6 (1-7)
591: 0000111111100 0000001000000 0000001000000 0000001000000 : R7 S4 : 6 (2-8)
592: 0001111111000 0000001000000 0000001000000 0000001000000 : R7 S4 : 6 (3-9)
593: 0011111110000 0000001000000 0000001000000 0000001000000 : R7 S4 : 6 (4-10)
594: 0111111100000 0000001000000 0000001000000 0000001000000 : R7 S4 : 6 (5-11)
595: 1111111000000 0000001000000 0000001000000 0000001000000 : R7 S4 : 6 (6-12)
1000000000000 1010000000100 0010100000001 1000110000000  69152(11883/13183)  195901
0000000000100 0000000011000 1011000000000 1101010000000  69620(12003/13183)  197635
1000000001000 1000000000000 0110000100010 0110010000000  69977(12123/13183)  199069
0001010000001 0000000000101 0010001000000 1100010000000  70262(12243/13183)  199888
0001010000000 0000000000110 0100110001000 1000010000000  70592(12354/13183)  200590
596: 0000000000000 0000010000000 0000011111111 0000010000000 : R8 S3 : 7 (0-7)
597: 0000010000000 0000000000000 0000011111111 0000010000000 : R8 S3 : 7 (0-7)
598: 0000010000000 0000010000000 0000001111111 0000010000000 : R7 S3 : 7 (0-6)
599: 0000010000000 0000010000000 0000010111111 0000010000000 : R6 S4 : 7 (0-5)
600: 0000010000000 0000010000000 0000011111110 0000010000000 : R7 S4 : 7 (1-7)
1000010000000 1000000011110 0000000100010 0000010000000  71060(12417/13183)  201852
601: 0000010000000 0000010000000 0000111111100 0000010000000 : R7 S4 : 7 (2-8)
602: 0000010000000 0000010000000 0001111111000 0000010000000 : R7 S4 : 7 (3-9)
603: 0000010000000 0000010000000 0011111110000 0000010000000 : R7 S4 : 7 (4-10)
604: 0000010000000 0000010000000 0111111100000 0000010000000 : R7 S4 : 7 (5-11)
0100001100000 0101011100000 0000000100000 0000010000000  71398(12453/13183)  204154
605: 0000010000000 0000010000000 1111111000000 0000010000000 : R7 S4 : 7 (6-12)
606: 0000000000000 0000011111111 0000010000000 0000010000000 : R8 S3 : 7 (0-7)
607: 0000010000000 0000001111111 0000010000000 0000010000000 : R7 S3 : 7 (0-6)
608: 0000010000000 0000010111111 0000010000000 0000010000000 : R6 S4 : 7 (0-5)
609: 0000010000000 0000011111110 0000010000000 0000010000000 : R7 S4 : 7 (1-7)
610: 0000010000000 0000111111100 0000010000000 0000010000000 : R7 S4 : 7 (2-8)
611: 0000010000000 0001111111000 0000010000000 0000010000000 : R7 S4 : 7 (3-9)
612: 0000010000000 0011111110000 0000010000000 0000010000000 : R7 S4 : 7 (4-10)
613: 0000010000000 0111111100000 0000010000000 0000010000000 : R7 S4 : 7 (5-11)
614: 0000010000000 1111111000000 0000010000000 0000010000000 : R7 S4 : 7 (6-12)
615: 0000001111111 0000010000000 0000010000000 0000010000000 : R7 S3 : 7 (0-6)
616: 0000010111111 0000010000000 0000010000000 0000010000000 : R6 S4 : 7 (0-5)
617: 0000011111110 0000010000000 0000010000000 0000010000000 : R7 S4 : 7 (1-7)
618: 0000111111100 0000010000000 0000010000000 0000010000000 : R7 S4 : 7 (2-8)
619: 0001111111000 0000010000000 0000010000000 0000010000000 : R7 S4 : 7 (3-9)
620: 0011111110000 0000010000000 0000010000000 0000010000000 : R7 S4 : 7 (4-10)
621: 0111111100000 0000010000000 0000010000000 0000010000000 : R7 S4 : 7 (5-11)
622: 1111111000000 0000010000000 0000010000000 0000010000000 : R7 S4 : 7 (6-12)
623: 0000011111111 0000000000000 0000010000000 0000010000000 : R8 S3 : 7 (0-7)
624: 0000010000000 0000011111111 0000000000000 0000010000000 : R8 S3 : 7 (0-7)
625: 0000011111111 0000010000000 0000000000000 0000010000000 : R8 S3 : 7 (0-7)
1000100010000 0000000000101 0000000101001 0001100000000  73988(12549/14488)  213193
0001100000101 1000000001000 0000001000001 0010100000000  74390(12669/14488)  214804
0010000000010 0001000100100 0100000011000 0100100000000  74756(12780/14488)  215686
626: 0000000000000 0000100000000 0000101111111 0000100000000 : R7 S3 : 8 (0-6)
627: 0000100000000 0000000000000 0000101111111 0000100000000 : R7 S3 : 8 (0-6)
628: 0000100000000 0000100000000 0000001111111 0000100000000 : R7 S3 : 8 (0-6)
629: 0000100000000 0000100000000 0000100111111 0000100000000 : R6 S4 : 8 (0-5)
0001010010100 0001000000001 0100000000011 0000100000000  75357(12895/14488)  216939
630: 0000000000000 0000100000000 0000111111110 0000100000000 : R8 S3 : 8 (1-8)
631: 0000100000000 0000000000000 0000111111110 0000100000000 : R8 S3 : 8 (1-8)
632: 0000100000000 0000100000000 0000011111110 0000100000000 : R7 S3 : 8 (1-7)
633: 0000100000000 0000100000000 0000101111110 0000100000000 : R6 S4 : 8 (1-6)
634: 0000100000000 0000100000000 0000111111100 0000100000000 : R7 S4 : 8 (2-8)
0000100010000 0000000101111 0000010000100 0000100000000  75669(12920/14488)  217966
635: 0000100000000 0000100000000 0001111111000 0000100000000 : R7 S4 : 8 (3-9)
636: 0000100000000 0000100000000 0011111110000 0000100000000 : R7 S4 : 8 (4-10)
637: 0000100000000 0000100000000 0111111100000 0000100000000 : R7 S4 : 8 (5-11)
638: 0000100000000 0000100000000 1111111000000 0000100000000 : R7 S4 : 8 (6-12)
639: 0000000000000 0000101111111 0000100000000 0000100000000 : R7 S3 : 8 (0-6)
640: 0000100000000 0000001111111 0000100000000 0000100000000 : R7 S3 : 8 (0-6)
641: 0000100000000 0000100111111 0000100000000 0000100000000 : R6 S4 : 8 (0-5)
642: 0000000000000 0000111111110 0000100000000 0000100000000 : R8 S3 : 8 (1-8)
643: 0000100000000 0000011111110 0000100000000 0000100000000 : R7 S3 : 8 (1-7)
644: 0000100000000 0000101111110 0000100000000 0000100000000 : R6 S4 : 8 (1-6)
645: 0000100000000 0000111111100 0000100000000 0000100000000 : R7 S4 : 8 (2-8)
646: 0000100000000 0001111111000 0000100000000 0000100000000 : R7 S4 : 8 (3-9)
647: 0000100000000 0011111110000 0000100000000 0000100000000 : R7 S4 : 8 (4-10)
648: 0000100000000 0111111100000 0000100000000 0000100000000 : R7 S4 : 8 (5-11)
649: 0000100000000 1111111000000 0000100000000 0000100000000 : R7 S4 : 8 (6-12)
650: 0000001111111 0000100000000 0000100000000 0000100000000 : R7 S3 : 8 (0-6)
651: 0000100111111 0000100000000 0000100000000 0000100000000 : R6 S4 : 8 (0-5)
652: 0000011111110 0000100000000 0000100000000 0000100000000 : R7 S3 : 8 (1-7)
653: 0000101111110 0000100000000 0000100000000 0000100000000 : R6 S4 : 8 (1-6)
654: 0000111111100 0000100000000 0000100000000 0000100000000 : R7 S4 : 8 (2-8)
655: 0001111111000 0000100000000 0000100000000 0000100000000 : R7 S4 : 8 (3-9)
656: 0011111110000 0000100000000 0000100000000 0000100000000 : R7 S4 : 8 (4-10)
657: 0111111100000 0000100000000 0000100000000 0000100000000 : R7 S4 : 8 (5-11)
658: 1111111000000 0000100000000 0000100000000 0000100000000 : R7 S4 : 8 (6-12)
659: 0000101111111 0000000000000 0000100000000 0000100000000 : R7 S3 : 8 (0-6)
660: 0000111111110 0000000000000 0000100000000 0000100000000 : R8 S3 : 8 (1-8)
661: 0000100000000 0000101111111 0000000000000 0000100000000 : R7 S3 : 8 (0-6)
0100000101101 0000000110101 0000000000000 0000100000000  76462(12960/14488)  222263
662: 0000100000000 0000111111110 0000000000000 0000100000000 : R8 S3 : 8 (1-8)
663: 0000101111111 0000100000000 0000000000000 0000100000000 : R7 S3 : 8 (0-6)
664: 0000111111110 0000100000000 0000000000000 0000100000000 : R8 S3 : 8 (1-8)
0000000000000 0011100000010 0100001000001 1101000000000  78542(13080/15766)  228592
0100000000110 0100000000000 0001001010100 1001000000000  78947(13185/15766)  229351
665: 0000000000000 0001000000000 0001001111111 0001000000000 : R7 S3 : 9 (0-6)
666: 0001000000000 0000000000000 0001001111111 0001000000000 : R7 S3 : 9 (0-6)
667: 0001000000000 0001000000000 0000001111111 0001000000000 : R7 S3 : 9 (0-6)
668: 0001000000000 0001000000000 0001000111111 0001000000000 : R6 S4 : 9 (0-5)
669: 0000000000000 0001000000000 0001011111110 0001000000000 : R7 S3 : 9 (1-7)
670: 0001000000000 0000000000000 0001011111110 0001000000000 : R7 S3 : 9 (1-7)
671: 0001000000000 0001000000000 0000011111110 0001000000000 : R7 S3 : 9 (1-7)
672: 0001000000000 0001000000000 0001001111110 0001000000000 : R6 S4 : 9 (1-6)
0100001101000 0000000001011 0000000001010 0001000000000  79523(13252/15766)  230418
673: 0000000000000 0001000000000 0001111111100 0001000000000 : R8 S3 : 9 (2-9)
674: 0001000000000 0000000000000 0001111111100 0001000000000 : R8 S3 : 9 (2-9)
675: 0001000000000 0001000000000 0000111111100 0001000000000 : R7 S3 : 9 (2-8)
676: 0001000000000 0001000000000 0001011111100 0001000000000 : R6 S4 : 9 (2-7)
677: 0001000000000 0001000000000 0001111111000 0001000000000 : R7 S4 : 9 (3-9)
678: 0001000000000 0001000000000 0011111110000 0001000000000 : R7 S4 : 9 (4-10)
679: 0001000000000 0001000000000 0111111100000 0001000000000 : R7 S4 : 9 (5-11)
0000000110000 1000011001000 0000110100000 0001000000000  79986(13285/15766)  232538
680: 0001000000000 0001000000000 1111111000000 0001000000000 : R7 S4 : 9 (6-12)
681: 0000000000000 0001001111111 0001000000000 0001000000000 : R7 S3 : 9 (0-6)
682: 0001000000000 0000001111111 0001000000000 0001000000000 : R7 S3 : 9 (0-6)
683: 0001000000000 0001000111111 0001000000000 0001000000000 : R6 S4 : 9 (0-5)
684: 0000000000000 0001011111110 0001000000000 0001000000000 : R7 S3 : 9 (1-7)
685: 0001000000000 0000011111110 0001000000000 0001000000000 : R7 S3 : 9 (1-7)
686: 0001000000000 0001001111110 0001000000000 0001000000000 : R6 S4 : 9 (1-6)
687: 0000000000000 0001111111100 0001000000000 0001000000000 : R8 S3 : 9 (2-9)
688: 0001000000000 0000111111100 0001000000000 0001000000000 : R7 S3 : 9 (2-8)
689: 0001000000000 0001011111100 0001000000000 0001000000000 : R6 S4 : 9 (2-7)
690: 0001000000000 0001111111000 0001000000000 0001000000000 : R7 S4 : 9 (3-9)
691: 0001000000000 0011111110000 0001000000000 0001000000000 : R7 S4 : 9 (4-10)
692: 0001000000000 0111111100000 0001000000000 0001000000000 : R7 S4 : 9 (5-11)
693: 0001000000000 1111111000000 0001000000000 0001000000000 : R7 S4 : 9 (6-12)
694: 0000001111111 0001000000000 0001000000000 0001000000000 : R7 S3 : 9 (0-6)
695: 0001000111111 0001000000000 0001000000000 0001000000000 : R6 S4 : 9 (0-5)
696: 0000011111110 0001000000000 0001000000000 0001000000000 : R7 S3 : 9 (1-7)
697: 0001001111110 0001000000000 0001000000000 0001000000000 : R6 S4 : 9 (1-6)
698: 0000111111100 0001000000000 0001000000000 0001000000000 : R7 S3 : 9 (2-8)
699: 0001011111100 0001000000000 0001000000000 0001000000000 : R6 S4 : 9 (2-7)
700: 0001111111000 0001000000000 0001000000000 0001000000000 : R7 S4 : 9 (3-9)
701: 0011111110000 0001000000000 0001000000000 0001000000000 : R7 S4 : 9 (4-10)
702: 0111111100000 0001000000000 0001000000000 0001000000000 : R7 S4 : 9 (5-11)
703: 1111111000000 0001000000000 0001000000000 0001000000000 : R7 S4 : 9 (6-12)
704: 0001001111111 0000000000000 0001000000000 0001000000000 : R7 S3 : 9 (0-6)
705: 0001011111110 0000000000000 0001000000000 0001000000000 : R7 S3 : 9 (1-7)
706: 0001111111100 0000000000000 0001000000000 0001000000000 : R8 S3 : 9 (2-9)
707: 0001000000000 0001001111111 0000000000000 0001000000000 : R7 S3 : 9 (0-6)
708: 0001000000000 0001011111110 0000000000000 0001000000000 : R7 S3 : 9 (1-7)
709: 0001000000000 0001111111100 0000000000000 0001000000000 : R8 S3 : 9 (2-9)
710: 0001001111111 0001000000000 0000000000000 0001000000000 : R7 S3 : 9 (0-6)
711: 0001011111110 0001000000000 0000000000000 0001000000000 : R7 S3 : 9 (1-7)
712: 0001111111100 0001000000000 0000000000000 0001000000000 : R8 S3 : 9 (2-9)
0100000010001 1000001000000 0011000001000 0110000000000  81650(13350/16573)  239525
713: 0000000000000 0010000000000 0010001111111 0010000000000 : R7 S3 : 10 (0-6)
714: 0010000000000 0000000000000 0010001111111 0010000000000 : R7 S3 : 10 (0-6)
715: 0010000000000 0010000000000 0000001111111 0010000000000 : R7 S3 : 10 (0-6)
716: 0010000000000 0010000000000 0010000111111 0010000000000 : R6 S4 : 10 (0-5)
0000100010110 0000000000010 1000000010101 0010000000000  82459(13465/16573)  241202
717: 0000000000000 0010000000000 0010011111110 0010000000000 : R7 S3 : 10 (1-7)
718: 0010000000000 0000000000000 0010011111110 0010000000000 : R7 S3 : 10 (1-7)
719: 0010000000000 0010000000000 0000011111110 0010000000000 : R7 S3 : 10 (1-7)
720: 0010000000000 0010000000000 0010001111110 0010000000000 : R6 S4 : 10 (1-6)
721: 0000000000000 0010000000000 0010111111100 0010000000000 : R7 S3 : 10 (2-8)
722: 0010000000000 0000000000000 0010111111100 0010000000000 : R7 S3 : 10 (2-8)
723: 0010000000000 0010000000000 0000111111100 0010000000000 : R7 S3 : 10 (2-8)
724: 0010000000000 0010000000000 0010011111100 0010000000000 : R6 S4 : 10 (2-7)
1001100000110 0001000000001 0001000000100 0010000000000  82855(13492/16573)  242168
725: 0000000000000 0010000000000 0011111111000 0010000000000 : R8 S3 : 10 (3-10)
726: 0010000000000 0000000000000 0011111111000 0010000000000 : R8 S3 : 10 (3-10)
727: 0010000000000 0010000000000 0001111111000 0010000000000 : R7 S3 : 10 (3-9)
728: 0010000000000 0010000000000 0010111111000 0010000000000 : R6 S4 : 10 (3-8)
729: 0010000000000 0010000000000 0011111110000 0010000000000 : R7 S4 : 10 (4-10)
730: 0010000000000 0010000000000 0111111100000 0010000000000 : R7 S4 : 10 (5-11)
731: 0010000000000 0010000000000 1111111000000 0010000000000 : R7 S4 : 10 (6-12)
732: 0000000000000 0010001111111 0010000000000 0010000000000 : R7 S3 : 10 (0-6)
733: 0010000000000 0000001111111 0010000000000 0010000000000 : R7 S3 : 10 (0-6)
734: 0010000000000 0010000111111 0010000000000 0010000000000 : R6 S4 : 10 (0-5)
735: 0000000000000 0010011111110 0010000000000 0010000000000 : R7 S3 : 10 (1-7)
736: 0010000000000 0000011111110 0010000000000 0010000000000 : R7 S3 : 10 (1-7)
737: 0010000000000 0010001111110 0010000000000 0010000000000 : R6 S4 : 10 (1-6)
738: 0000000000000 0010111111100 0010000000000 0010000000000 : R7 S3 : 10 (2-8)
739: 0010000000000 0000111111100 0010000000000 0010000000000 : R7 S3 : 10 (2-8)
740: 0010000000000 0010011111100 0010000000000 0010000000000 : R6 S4 : 10 (2-7)
741: 0000000000000 0011111111000 0010000000000 0010000000000 : R8 S3 : 10 (3-10)
742: 0010000000000 0001111111000 0010000000000 0010000000000 : R7 S3 : 10 (3-9)
743: 0010000000000 0010111111000 0010000000000 0010000000000 : R6 S4 : 10 (3-8)
744: 0010000000000 0011111110000 0010000000000 0010000000000 : R7 S4 : 10 (4-10)
745: 0010000000000 0111111100000 0010000000000 0010000000000 : R7 S4 : 10 (5-11)
746: 0010000000000 1111111000000 0010000000000 0010000000000 : R7 S4 : 10 (6-12)
747: 0000001111111 0010000000000 0010000000000 0010000000000 : R7 S3 : 10 (0-6)
748: 0010000111111 0010000000000 0010000000000 0010000000000 : R6 S4 : 10 (0-5)
749: 0000011111110 0010000000000 0010000000000 0010000000000 : R7 S3 : 10 (1-7)
750: 0010001111110 0010000000000 0010000000000 0010000000000 : R6 S4 : 10 (1-6)
751: 0000111111100 0010000000000 0010000000000 0010000000000 : R7 S3 : 10 (2-8)
752: 0010011111100 0010000000000 0010000000000 0010000000000 : R6 S4 : 10 (2-7)
753: 0001111111000 0010000000000 0010000000000 0010000000000 : R7 S3 : 10 (3-9)
754: 0010111111000 0010000000000 0010000000000 0010000000000 : R6 S4 : 10 (3-8)
755: 0011111110000 0010000000000 0010000000000 0010000000000 : R7 S4 : 10 (4-10)
756: 0111111100000 0010000000000 0010000000000 0010000000000 : R7 S4 : 10 (5-11)
757: 1111111000000 0010000000000 0010000000000 0010000000000 : R7 S4 : 10 (6-12)
758: 0010001111111 0000000000000 0010000000000 0010000000000 : R7 S3 : 10 (0-6)
759: 0010011111110 0000000000000 0010000000000 0010000000000 : R7 S3 : 10 (1-7)
760: 0010111111100 0000000000000 0010000000000 0010000000000 : R7 S3 : 10 (2-8)
761: 0011111111000 0000000000000 0010000000000 0010000000000 : R8 S3 : 10 (3-10)
762: 0010000000000 0010001111111 0000000000000 0010000000000 : R7 S3 : 10 (0-6)
763: 0010000000000 0010011111110 0000000000000 0010000000000 : R7 S3 : 10 (1-7)
764: 0010000000000 0010111111100 0000000000000 0010000000000 : R7 S3 : 10 (2-8)
765: 0010000000000 0011111111000 0000000000000 0010000000000 : R8 S3 : 10 (3-10)
766: 0010001111111 0010000000000 0000000000000 0010000000000 : R7 S3 : 10 (0-6)
767: 0010011111110 0010000000000 0000000000000 0010000000000 : R7 S3 : 10 (1-7)
768: 0010111111100 0010000000000 0000000000000 0010000000000 : R7 S3 : 10 (2-8)
769: 0011111111000 0010000000000 0000000000000 0010000000000 : R8 S3 : 10 (3-10)
0000000010000 0000000100000 1011000100011 1100000000000  84059(13530/16573)  246991
770: 0000000000000 0100000000000 0100001111111 0100000000000 : R7 S3 : 11 (0-6)
771: 0100000000000 0000000000000 0100001111111 0100000000000 : R7 S3 : 11 (0-6)
772: 0100000000000 0100000000000 0000001111111 0100000000000 : R7 S3 : 11 (0-6)
773: 0100000000000 0100000000000 0100000111111 0100000000000 : R6 S4 : 11 (0-5)
0010100000000 0001000010010 1010010000001 0100000000000  84654(13602/16573)  247687
774: 0000000000000 0100000000000 0100011111110 0100000000000 : R7 S3 : 11 (1-7)
775: 0100000000000 0000000000000 0100011111110 0100000000000 : R7 S3 : 11 (1-7)
776: 0100000000000 0100000000000 0000011111110 0100000000000 : R7 S3 : 11 (1-7)
777: 0100000000000 0100000000000 0100001111110 0100000000000 : R6 S4 : 11 (1-6)
778: 0000000000000 0100000000000 0100111111100 0100000000000 : R7 S3 : 11 (2-8)
779: 0100000000000 0000000000000 0100111111100 0100000000000 : R7 S3 : 11 (2-8)
780: 0100000000000 0100000000000 0000111111100 0100000000000 : R7 S3 : 11 (2-8)
781: 0100000000000 0100000000000 0100011111100 0100000000000 : R6 S4 : 11 (2-7)
782: 0000000000000 0100000000000 0101111111000 0100000000000 : R7 S3 : 11 (3-9)
783: 0100000000000 0000000000000 0101111111000 0100000000000 : R7 S3 : 11 (3-9)
784: 0100000000000 0100000000000 0001111111000 0100000000000 : R7 S3 : 11 (3-9)
785: 0100000000000 0100000000000 0100111111000 0100000000000 : R6 S4 : 11 (3-8)
0001000010110 0001010001000 1000000001000 0100000000000  85299(13634/16573)  248869
786: 0000000000000 0100000000000 0111111110000 0100000000000 : R8 S3 : 11 (4-11)
787: 0100000000000 0000000000000 0111111110000 0100000000000 : R8 S3 : 11 (4-11)
788: 0100000000000 0100000000000 0011111110000 0100000000000 : R7 S3 : 11 (4-10)
789: 0100000000000 0100000000000 0101111110000 0100000000000 : R6 S4 : 11 (4-9)
790: 0100000000000 0100000000000 0111111100000 0100000000000 : R7 S4 : 11 (5-11)
791: 0100000000000 0100000000000 1111111000000 0100000000000 : R7 S4 : 11 (6-12)
792: 0000000000000 0100001111111 0100000000000 0100000000000 : R7 S3 : 11 (0-6)
793: 0100000000000 0000001111111 0100000000000 0100000000000 : R7 S3 : 11 (0-6)
794: 0100000000000 0100000111111 0100000000000 0100000000000 : R6 S4 : 11 (0-5)
795: 0000000000000 0100011111110 0100000000000 0100000000000 : R7 S3 : 11 (1-7)
796: 0100000000000 0000011111110 0100000000000 0100000000000 : R7 S3 : 11 (1-7)
797: 0100000000000 0100001111110 0100000000000 0100000000000 : R6 S4 : 11 (1-6)
798: 0000000000000 0100111111100 0100000000000 0100000000000 : R7 S3 : 11 (2-8)
799: 0100000000000 0000111111100 0100000000000 0100000000000 : R7 S3 : 11 (2-8)
800: 0100000000000 0100011111100 0100000000000 0100000000000 : R6 S4 : 11 (2-7)
801: 0000000000000 0101111111000 0100000000000 0100000000000 : R7 S3 : 11 (3-9)
802: 0100000000000 0001111111000 0100000000000 0100000000000 : R7 S3 : 11 (3-9)
803: 0100000000000 0100111111000 0100000000000 0100000000000 : R6 S4 : 11 (3-8)
804: 0000000000000 0111111110000 0100000000000 0100000000000 : R8 S3 : 11 (4-11)
805: 0100000000000 0011111110000 0100000000000 0100000000000 : R7 S3 : 11 (4-10)
806: 0100000000000 0101111110000 0100000000000 0100000000000 : R6 S4 : 11 (4-9)
807: 0100000000000 0111111100000 0100000000000 0100000000000 : R7 S4 : 11 (5-11)
808: 0100000000000 1111111000000 0100000000000 0100000000000 : R7 S4 : 11 (6-12)
809: 0000001111111 0100000000000 0100000000000 0100000000000 : R7 S3 : 11 (0-6)
810: 0100000111111 0100000000000 0100000000000 0100000000000 : R6 S4 : 11 (0-5)
811: 0000011111110 0100000000000 0100000000000 0100000000000 : R7 S3 : 11 (1-7)
812: 0100001111110 0100000000000 0100000000000 0100000000000 : R6 S4 : 11 (1-6)
813: 0000111111100 0100000000000 0100000000000 0100000000000 : R7 S3 : 11 (2-8)
814: 0100011111100 0100000000000 0100000000000 0100000000000 : R6 S4 : 11 (2-7)
815: 0001111111000 0100000000000 0100000000000 0100000000000 : R7 S3 : 11 (3-9)
816: 0100111111000 0100000000000 0100000000000 0100000000000 : R6 S4 : 11 (3-8)
817: 0011111110000 0100000000000 0100000000000 0100000000000 : R7 S3 : 11 (4-10)
818: 0101111110000 0100000000000 0100000000000 0100000000000 : R6 S4 : 11 (4-9)
819: 0111111100000 0100000000000 0100000000000 0100000000000 : R7 S4 : 11 (5-11)
820: 1111111000000 0100000000000 0100000000000 0100000000000 : R7 S4 : 11 (6-12)
821: 0100001111111 0000000000000 0100000000000 0100000000000 : R7 S3 : 11 (0-6)
822: 0100011111110 0000000000000 0100000000000 0100000000000 : R7 S3 : 11 (1-7)
823: 0100111111100 0000000000000 0100000000000 0100000000000 : R7 S3 : 11 (2-8)
824: 0101111111000 0000000000000 0100000000000 0100000000000 : R7 S3 : 11 (3-9)
825: 0111111110000 0000000000000 0100000000000 0100000000000 : R8 S3 : 11 (4-11)
826: 0100000000000 0100001111111 0000000000000 0100000000000 : R7 S3 : 11 (0-6)
827: 0100000000000 0100011111110 0000000000000 0100000000000 : R7 S3 : 11 (1-7)
828: 0100000000000 0100111111100 0000000000000 0100000000000 : R7 S3 : 11 (2-8)
829: 0100000000000 0101111111000 0000000000000 0100000000000 : R7 S3 : 11 (3-9)
830: 0100000000000 0111111110000 0000000000000 0100000000000 : R8 S3 : 11 (4-11)
831: 0100001111111 0100000000000 0000000000000 0100000000000 : R7 S3 : 11 (0-6)
832: 0100011111110 0100000000000 0000000000000 0100000000000 : R7 S3 : 11 (1-7)
833: 0100111111100 0100000000000 0000000000000 0100000000000 : R7 S3 : 11 (2-8)
834: 0101111111000 0100000000000 0000000000000 0100000000000 : R7 S3 : 11 (3-9)
835: 0111111110000 0100000000000 0000000000000 0100000000000 : R8 S3 : 11 (4-11)
836: 0000000000000 1000000000000 1000001111111 1000000000000 : R7 S3 : 12 (0-6)
837: 1000000000000 0000000000000 1000001111111 1000000000000 : R7 S3 : 12 (0-6)
838: 1000000000000 1000000000000 0000001111111 1000000000000 : R7 S3 : 12 (0-6)
839: 1000000000000 1000000000000 1000000111111 1000000000000 : R6 S4 : 12 (0-5)
1000001011000 0000100000000 0001010010001 1000000000000  86879(13665/16573)  252173
840: 0000000000000 1000000000000 1000011111110 1000000000000 : R7 S3 : 12 (1-7)
841: 1000000000000 0000000000000 1000011111110 1000000000000 : R7 S3 : 12 (1-7)
842: 1000000000000 1000000000000 0000011111110 1000000000000 : R7 S3 : 12 (1-7)
843: 1000000000000 1000000000000 1000001111110 1000000000000 : R6 S4 : 12 (1-6)
844: 0000000000000 1000000000000 1000111111100 1000000000000 : R7 S3 : 12 (2-8)
845: 1000000000000 0000000000000 1000111111100 1000000000000 : R7 S3 : 12 (2-8)
846: 1000000000000 1000000000000 0000111111100 1000000000000 : R7 S3 : 12 (2-8)
847: 1000000000000 1000000000000 1000011111100 1000000000000 : R6 S4 : 12 (2-7)
848: 0000000000000 1000000000000 1001111111000 1000000000000 : R7 S3 : 12 (3-9)
849: 1000000000000 0000000000000 1001111111000 1000000000000 : R7 S3 : 12 (3-9)
850: 1000000000000 1000000000000 0001111111000 1000000000000 : R7 S3 : 12 (3-9)
851: 1000000000000 1000000000000 1000111111000 1000000000000 : R6 S4 : 12 (3-8)
0000000000000 0010101100010 0001011001000 1000000000000  87612(13694/16573)  252872
852: 0000000000000 1000000000000 1011111110000 1000000000000 : R7 S3 : 12 (4-10)
853: 1000000000000 0000000000000 1011111110000 1000000000000 : R7 S3 : 12 (4-10)
854: 1000000000000 1000000000000 0011111110000 1000000000000 : R7 S3 : 12 (4-10)
855: 1000000000000 1000000000000 1001111110000 1000000000000 : R6 S4 : 12 (4-9)
856: 0000000000000 1000000000000 1111111100000 1000000000000 : R8 S3 : 12 (5-12)
857: 1000000000000 0000000000000 1111111100000 1000000000000 : R8 S3 : 12 (5-12)
858: 1000000000000 1000000000000 0111111100000 1000000000000 : R7 S3 : 12 (5-11)
859: 1000000000000 1000000000000 1011111100000 1000000000000 : R6 S4 : 12 (5-10)
860: 1000000000000 1000000000000 1111111000000 1000000000000 : R7 S4 : 12 (6-12)
861: 0000000000000 1000001111111 1000000000000 1000000000000 : R7 S3 : 12 (0-6)
862: 1000000000000 0000001111111 1000000000000 1000000000000 : R7 S3 : 12 (0-6)
863: 1000000000000 1000000111111 1000000000000 1000000000000 : R6 S4 : 12 (0-5)
864: 0000000000000 1000011111110 1000000000000 1000000000000 : R7 S3 : 12 (1-7)
865: 1000000000000 0000011111110 1000000000000 1000000000000 : R7 S3 : 12 (1-7)
866: 1000000000000 1000001111110 1000000000000 1000000000000 : R6 S4 : 12 (1-6)
867: 0000000000000 1000111111100 1000000000000 1000000000000 : R7 S3 : 12 (2-8)
868: 1000000000000 0000111111100 1000000000000 1000000000000 : R7 S3 : 12 (2-8)
869: 1000000000000 1000011111100 1000000000000 1000000000000 : R6 S4 : 12 (2-7)
870: 0000000000000 1001111111000 1000000000000 1000000000000 : R7 S3 : 12 (3-9)
871: 1000000000000 0001111111000 1000000000000 1000000000000 : R7 S3 : 12 (3-9)
872: 1000000000000 1000111111000 1000000000000 1000000000000 : R6 S4 : 12 (3-8)
873: 0000000000000 1011111110000 1000000000000 1000000000000 : R7 S3 : 12 (4-10)
874: 1000000000000 0011111110000 1000000000000 1000000000000 : R7 S3 : 12 (4-10)
875: 1000000000000 1001111110000 1000000000000 1000000000000 : R6 S4 : 12 (4-9)
876: 0000000000000 1111111100000 1000000000000 1000000000000 : R8 S3 : 12 (5-12)
877: 1000000000000 0111111100000 1000000000000 1000000000000 : R7 S3 : 12 (5-11)
878: 1000000000000 1011111100000 1000000000000 1000000000000 : R6 S4 : 12 (5-10)
879: 1000000000000 1111111000000 1000000000000 1000000000000 : R7 S4 : 12 (6-12)
880: 0000001111111 1000000000000 1000000000000 1000000000000 : R7 S3 : 12 (0-6)
881: 1000000111111 1000000000000 1000000000000 1000000000000 : R6 S4 : 12 (0-5)
882: 0000011111110 1000000000000 1000000000000 1000000000000 : R7 S3 : 12 (1-7)
883: 1000001111110 1000000000000 1000000000000 1000000000000 : R6 S4 : 12 (1-6)
884: 0000111111100 1000000000000 1000000000000 1000000000000 : R7 S3 : 12 (2-8)
885: 1000011111100 1000000000000 1000000000000 1000000000000 : R6 S4 : 12 (2-7)
886: 0001111111000 1000000000000 1000000000000 1000000000000 : R7 S3 : 12 (3-9)
887: 1000111111000 1000000000000 1000000000000 1000000000000 : R6 S4 : 12 (3-8)
888: 0011111110000 1000000000000 1000000000000 1000000000000 : R7 S3 : 12 (4-10)
889: 1001111110000 1000000000000 1000000000000 1000000000000 : R6 S4 : 12 (4-9)
890: 0111111100000 1000000000000 1000000000000 1000000000000 : R7 S3 : 12 (5-11)
891: 1011111100000 1000000000000 1000000000000 1000000000000 : R6 S4 : 12 (5-10)
892: 1111111000000 1000000000000 1000000000000 1000000000000 : R7 S4 : 12 (6-12)
893: 1000001111111 0000000000000 1000000000000 1000000000000 : R7 S3 : 12 (0-6)
894: 1000011111110 0000000000000 1000000000000 1000000000000 : R7 S3 : 12 (1-7)
895: 1000111111100 0000000000000 1000000000000 1000000000000 : R7 S3 : 12 (2-8)
896: 1001111111000 0000000000000 1000000000000 1000000000000 : R7 S3 : 12 (3-9)
897: 1011111110000 0000000000000 1000000000000 1000000000000 : R7 S3 : 12 (4-10)
898: 1111111100000 0000000000000 1000000000000 1000000000000 : R8 S3 : 12 (5-12)
899: 1000000000000 1000001111111 0000000000000 1000000000000 : R7 S3 : 12 (0-6)
900: 1000000000000 1000011111110 0000000000000 1000000000000 : R7 S3 : 12 (1-7)
901: 1000000000000 1000111111100 0000000000000 1000000000000 : R7 S3 : 12 (2-8)
902: 1000000000000 1001111111000 0000000000000 1000000000000 : R7 S3 : 12 (3-9)
903: 1000000000000 1011111110000 0000000000000 1000000000000 : R7 S3 : 12 (4-10)
904: 1000000000000 1111111100000 0000000000000 1000000000000 : R8 S3 : 12 (5-12)
905: 1000001111111 1000000000000 0000000000000 1000000000000 : R7 S3 : 12 (0-6)
906: 1000011111110 1000000000000 0000000000000 1000000000000 : R7 S3 : 12 (1-7)
907: 1000111111100 1000000000000 0000000000000 1000000000000 : R7 S3 : 12 (2-8)
908: 1001111111000 1000000000000 0000000000000 1000000000000 : R7 S3 : 12 (3-9)
909: 1011111110000 1000000000000 0000000000000 1000000000000 : R7 S3 : 12 (4-10)
910: 1111111100000 1000000000000 0000000000000 1000000000000 : R8 S3 : 12 (5-12)
911: 0000000000001 0000000000001 0000011111111 0000000000000 : R8 S3 : 0 (0-7)
912: 0000010000000 0000010000000 0000011111111 0000000000000 : R8 S3 : 7 (0-7)
913: 0000100000000 0000100000000 0000101111111 0000000000000 : R7 S3 : 8 (0-6)
914: 0001000000000 0001000000000 0001001111111 0000000000000 : R7 S3 : 9 (0-6)
915: 0010000000000 0010000000000 0010001111111 0000000000000 : R7 S3 : 10 (0-6)
916: 0100000000000 0100000000000 0100001111111 0000000000000 : R7 S3 : 11 (0-6)
917: 1000000000000 1000000000000 1000001111111 0000000000000 : R7 S3 : 12 (0-6)
1010000000100 0100000000000 0110000110011 0000000000000  90711(13728/17573)  256638
918: 0000000000001 0000000000001 0000111111101 0000000000000 : R7 S3 : 0 (2-8)
919: 0000000000001 0000000000001 0001111111001 0000000000000 : R7 S3 : 0 (3-9)
920: 0000000000001 0000000000001 0011111110001 0000000000000 : R7 S3 : 0 (4-10)
921: 0000000000001 0000000000001 0111111100001 0000000000000 : R7 S3 : 0 (5-11)
0001000000000 0000100101110 1000010100001 0000000000000  90958(13728/17573)  256988
922: 0000000000001 0000000000001 1111111000001 0000000000000 : R7 S3 : 0 (6-12)
923: 0000000000001 0000011111111 0000000000001 0000000000000 : R8 S3 : 0 (0-7)
924: 0000000000001 0000111111101 0000000000001 0000000000000 : R7 S3 : 0 (2-8)
925: 0000000000001 0001111111001 0000000000001 0000000000000 : R7 S3 : 0 (3-9)
926: 0000000000001 0011111110001 0000000000001 0000000000000 : R7 S3 : 0 (4-10)
927: 0000000000001 0111111100001 0000000000001 0000000000000 : R7 S3 : 0 (5-11)
928: 0000000000001 1111111000001 0000000000001 0000000000000 : R7 S3 : 0 (6-12)
929: 0000011111111 0000000000001 0000000000001 0000000000000 : R8 S3 : 0 (0-7)
930: 0000111111101 0000000000001 0000000000001 0000000000000 : R7 S3 : 0 (2-8)
931: 0001111111001 0000000000001 0000000000001 0000000000000 : R7 S3 : 0 (3-9)
932: 0011111110001 0000000000001 0000000000001 0000000000000 : R7 S3 : 0 (4-10)
933: 0111111100001 0000000000001 0000000000001 0000000000000 : R7 S3 : 0 (5-11)
934: 1111111000001 0000000000001 0000000000001 0000000000000 : R7 S3 : 0 (6-12)
935: 0000000000010 0000000000010 0000111111110 0000000000000 : R8 S3 : 1 (1-8)
936: 0000100000000 0000100000000 0000111111110 0000000000000 : R8 S3 : 8 (1-8)
937: 0001000000000 0001000000000 0001011111110 0000000000000 : R7 S3 : 9 (1-7)
938: 0010000000000 0010000000000 0010011111110 0000000000000 : R7 S3 : 10 (1-7)
939: 0100000000000 0100000000000 0100011111110 0000000000000 : R7 S3 : 11 (1-7)
940: 1000000000000 1000000000000 1000011111110 0000000000000 : R7 S3 : 12 (1-7)
941: 0000000000010 0000000000010 0001111111010 0000000000000 : R7 S3 : 1 (3-9)
1010001000111 0100000000001 0000000001010 0000000000000  92606(13728/18498)  259247
942: 0000000000010 0000000000010 0011111110010 0000000000000 : R7 S3 : 1 (4-10)
943: 0000000000010 0000000000010 0111111100010 0000000000000 : R7 S3 : 1 (5-11)
944: 0000000000010 0000000000010 1111111000010 0000000000000 : R7 S3 : 1 (6-12)
945: 0000000000010 0000111111110 0000000000010 0000000000000 : R8 S3 : 1 (1-8)
946: 0000000000010 0001111111010 0000000000010 0000000000000 : R7 S3 : 1 (3-9)
947: 0000000000010 0011111110010 0000000000010 0000000000000 : R7 S3 : 1 (4-10)
948: 0000000000010 0111111100010 0000000000010 0000000000000 : R7 S3 : 1 (5-11)
949: 0000000000010 1111111000010 0000000000010 0000000000000 : R7 S3 : 1 (6-12)
950: 0000111111110 0000000000010 0000000000010 0000000000000 : R8 S3 : 1 (1-8)
951: 0001111111010 0000000000010 0000000000010 0000000000000 : R7 S3 : 1 (3-9)
952: 0011111110010 0000000000010 0000000000010 0000000000000 : R7 S3 : 1 (4-10)
953: 0111111100010 0000000000010 0000000000010 0000000000000 : R7 S3 : 1 (5-11)
954: 1111111000010 0000000000010 0000000000010 0000000000000 : R7 S3 : 1 (6-12)
955: 0000000000100 0000000000100 0001111111100 0000000000000 : R8 S3 : 2 (2-9)
956: 0001000000000 0001000000000 0001111111100 0000000000000 : R8 S3 : 9 (2-9)
957: 0010000000000 0010000000000 0010111111100 0000000000000 : R7 S3 : 10 (2-8)
958: 0100000000000 0100000000000 0100111111100 0000000000000 : R7 S3 : 11 (2-8)
959: 1000000000000 1000000000000 1000111111100 0000000000000 : R7 S3 : 12 (2-8)
960: 0000000000100 0000000000100 0011111110100 0000000000000 : R7 S3 : 2 (4-10)
0000000010000 1110100000000 1000011010100 0000000000000  94146(13728/19351)  261844
961: 0000000000100 0000000000100 0111111100100 0000000000000 : R7 S3 : 2 (5-11)
962: 0000000000100 0000000000100 1111111000100 0000000000000 : R7 S3 : 2 (6-12)
963: 0000000000100 0001111111100 0000000000100 0000000000000 : R8 S3 : 2 (2-9)
964: 0000000000100 0011111110100 0000000000100 0000000000000 : R7 S3 : 2 (4-10)
965: 0000000000100 0111111100100 0000000000100 0000000000000 : R7 S3 : 2 (5-11)
966: 0000000000100 1111111000100 0000000000100 0000000000000 : R7 S3 : 2 (6-12)
967: 0001111111100 0000000000100 0000000000100 0000000000000 : R8 S3 : 2 (2-9)
968: 0011111110100 0000000000100 0000000000100 0000000000000 : R7 S3 : 2 (4-10)
969: 0111111100100 0000000000100 0000000000100 0000000000000 : R7 S3 : 2 (5-11)
970: 1111111000100 0000000000100 0000000000100 0000000000000 : R7 S3 : 2 (6-12)
971: 0000000001000 0000000001000 0011111111000 0000000000000 : R8 S3 : 3 (3-10)
972: 0010000000000 0010000000000 0011111111000 0000000000000 : R8 S3 : 10 (3-10)
973: 0100000000000 0100000000000 0101111111000 0000000000000 : R7 S3 : 11 (3-9)
974: 1000000000000 1000000000000 1001111111000 0000000000000 : R7 S3 : 12 (3-9)
975: 0000000001000 0000000001000 0111111101000 0000000000000 : R7 S3 : 3 (5-11)
976: 0000000001000 0000000001000 1111111001000 0000000000000 : R7 S3 : 3 (6-12)
0100101000000 0001110000001 0000011001000 0000000000000  95479(13728/20135)  264685
977: 0000000001000 0011111111000 0000000001000 0000000000000 : R8 S3 : 3 (3-10)
978: 0000000001000 0111111101000 0000000001000 0000000000000 : R7 S3 : 3 (5-11)
979: 0000000001000 1111111001000 0000000001000 0000000000000 : R7 S3 : 3 (6-12)
980: 0011111111000 0000000001000 0000000001000 0000000000000 : R8 S3 : 3 (3-10)
981: 0111111101000 0000000001000 0000000001000 0000000000000 : R7 S3 : 3 (5-11)
982: 1111111001000 0000000001000 0000000001000 0000000000000 : R7 S3 : 3 (6-12)
983: 0000000010000 0000000010000 0111111110000 0000000000000 : R8 S3 : 4 (4-11)
984: 0100000000000 0100000000000 0111111110000 0000000000000 : R8 S3 : 11 (4-11)
985: 1000000000000 1000000000000 1011111110000 0000000000000 : R7 S3 : 12 (4-10)
986: 0000000010000 0000000010000 1111111010000 0000000000000 : R7 S3 : 4 (6-12)
987: 0000000010000 0111111110000 0000000010000 0000000000000 : R8 S3 : 4 (4-11)
988: 0000000010000 1111111010000 0000000010000 0000000000000 : R7 S3 : 4 (6-12)
989: 0111111110000 0000000010000 0000000010000 0000000000000 : R8 S3 : 4 (4-11)
990: 1111111010000 0000000010000 0000000010000 0000000000000 : R7 S3 : 4 (6-12)
991: 0000000100000 0000000100000 1111111100000 0000000000000 : R8 S3 : 5 (5-12)
992: 1000000000000 1000000000000 1111111100000 0000000000000 : R8 S3 : 12 (5-12)
0000000000011 0101000000100 1010110100000 0000000000000  97468(13728/21509)  269051
993: 0000000100000 1111111100000 0000000100000 0000000000000 : R8 S3 : 5 (5-12)
994: 1111111100000 0000000100000 0000000100000 0000000000000 : R8 S3 : 5 (5-12)
995: 0000010000000 0000011111111 0000010000000 0000000000000 : R8 S3 : 7 (0-7)
996: 0000011111111 0000010000000 0000010000000 0000000000000 : R8 S3 : 7 (0-7)
997: 0000100000000 0000101111111 0000100000000 0000000000000 : R7 S3 : 8 (0-6)
998: 0000100000000 0000111111110 0000100000000 0000000000000 : R8 S3 : 8 (1-8)
999: 0000101111111 0000100000000 0000100000000 0000000000000 : R7 S3 : 8 (0-6)
1000: 0000111111110 0000100000000 0000100000000 0000000000000 : R8 S3 : 8 (1-8)
1001: 0001000000000 0001001111111 0001000000000 0000000000000 : R7 S3 : 9 (0-6)
1002: 0001000000000 0001011111110 0001000000000 0000000000000 : R7 S3 : 9 (1-7)
1003: 0001000000000 0001111111100 0001000000000 0000000000000 : R8 S3 : 9 (2-9)
1004: 0001001111111 0001000000000 0001000000000 0000000000000 : R7 S3 : 9 (0-6)
1005: 0001011111110 0001000000000 0001000000000 0000000000000 : R7 S3 : 9 (1-7)
1006: 0001111111100 0001000000000 0001000000000 0000000000000 : R8 S3 : 9 (2-9)
1010100000000 0000010000111 1110000000000 0000000000000  100427(13728/23711)  274876
1007: 0010000000000 0010001111111 0010000000000 0000000000000 : R7 S3 : 10 (0-6)
1008: 0010000000000 0010011111110 0010000000000 0000000000000 : R7 S3 : 10 (1-7)
1009: 0010000000000 0010111111100 0010000000000 0000000000000 : R7 S3 : 10 (2-8)
1010: 0010000000000 0011111111000 0010000000000 0000000000000 : R8 S3 : 10 (3-10)
1011: 0010001111111 0010000000000 0010000000000 0000000000000 : R7 S3 : 10 (0-6)
1012: 0010011111110 0010000000000 0010000000000 0000000000000 : R7 S3 : 10 (1-7)
1013: 0010111111100 0010000000000 0010000000000 0000000000000 : R7 S3 : 10 (2-8)
1014: 0011111111000 0010000000000 0010000000000 0000000000000 : R8 S3 : 10 (3-10)
1015: 0100000000000 0100001111111 0100000000000 0000000000000 : R7 S3 : 11 (0-6)
1016: 0100000000000 0100011111110 0100000000000 0000000000000 : R7 S3 : 11 (1-7)
1017: 0100000000000 0100111111100 0100000000000 0000000000000 : R7 S3 : 11 (2-8)
1018: 0100000000000 0101111111000 0100000000000 0000000000000 : R7 S3 : 11 (3-9)
1019: 0100000000000 0111111110000 0100000000000 0000000000000 : R8 S3 : 11 (4-11)
1020: 0100001111111 0100000000000 0100000000000 0000000000000 : R7 S3 : 11 (0-6)
1021: 0100011111110 0100000000000 0100000000000 0000000000000 : R7 S3 : 11 (1-7)
1022: 0100111111100 0100000000000 0100000000000 0000000000000 : R7 S3 : 11 (2-8)
1023: 0101111111000 0100000000000 0100000000000 0000000000000 : R7 S3 : 11 (3-9)
1024: 0111111110000 0100000000000 0100000000000 0000000000000 : R8 S3 : 11 (4-11)
1025: 1000000000000 1000001111111 1000000000000 0000000000000 : R7 S3 : 12 (0-6)
1026: 1000000000000 1000011111110 1000000000000 0000000000000 : R7 S3 : 12 (1-7)
1027: 1000000000000 1000111111100 1000000000000 0000000000000 : R7 S3 : 12 (2-8)
1028: 1000000000000 1001111111000 1000000000000 0000000000000 : R7 S3 : 12 (3-9)
1029: 1000000000000 1011111110000 1000000000000 0000000000000 : R7 S3 : 12 (4-10)
1030: 1000000000000 1111111100000 1000000000000 0000000000000 : R8 S3 : 12 (5-12)
1031: 1000001111111 1000000000000 1000000000000 0000000000000 : R7 S3 : 12 (0-6)
1032: 1000011111110 1000000000000 1000000000000 0000000000000 : R7 S3 : 12 (1-7)
1033: 1000111111100 1000000000000 1000000000000 0000000000000 : R7 S3 : 12 (2-8)
1034: 1001111111000 1000000000000 1000000000000 0000000000000 : R7 S3 : 12 (3-9)
1035: 1011111110000 1000000000000 1000000000000 0000000000000 : R7 S3 : 12 (4-10)
1036: 1111111100000 1000000000000 1000000000000 0000000000000 : R8 S3 : 12 (5-12)
103202 / 15820024220

       sets only: 13728
       runs only: 25978
   1 run / 1 set: 1036
to be worked out: 275926

